2014/06/13 09:01:50 [warning] [application] Failed to set unsafe attribute "appointment_date" of "Info".
in D:\xampp\htdocs\HospitalWeb\protected\modules\manager\modules\info\controllers\DefaultController.php (457)
in D:\xampp\htdocs\HospitalWeb\index.php (13)
2014/06/13 09:06:38 [error] [php] Trying to get property of non-object (D:\xampp\htdocs\HospitalWeb\protected\models\Info.php:32)
Stack trace:
#0 D:\xampp\htdocs\yii\framework\db\ar\CActiveRecord.php(806): Info->insert()
#1 D:\xampp\htdocs\HospitalWeb\protected\modules\manager\modules\info\controllers\DefaultController.php(537): Info->save()
#2 D:\xampp\htdocs\yii\framework\web\actions\CInlineAction.php(49): DefaultController->actionVisitorCommentCreate()
#3 D:\xampp\htdocs\yii\framework\web\CController.php(308): CInlineAction->runWithParams()
#4 D:\xampp\htdocs\yii\framework\web\filters\CFilterChain.php(133): DefaultController->runAction()
#5 D:\xampp\htdocs\yii\framework\web\filters\CFilter.php(40): CFilterChain->run()
#6 D:\xampp\htdocs\yii\framework\web\CController.php(1145): CAccessControlFilter->filter()
#7 D:\xampp\htdocs\yii\framework\web\filters\CInlineFilter.php(58): DefaultController->filterAccessControl()
#8 D:\xampp\htdocs\yii\framework\web\filters\CFilterChain.php(130): CInlineFilter->filter()
#9 D:\xampp\htdocs\yii\framework\web\CController.php(291): CFilterChain->run()
#10 D:\xampp\htdocs\yii\framework\web\CController.php(265): DefaultController->runActionWithFilters()
#11 D:\xampp\htdocs\yii\framework\web\CWebApplication.php(282): DefaultController->run()
#12 D:\xampp\htdocs\yii\framework\web\CWebApplication.php(141): CWebApplication->runController()
#13 D:\xampp\htdocs\yii\framework\base\CApplication.php(180): CWebApplication->processRequest()
#14 D:\xampp\htdocs\HospitalWeb\index.php(13): CWebApplication->run()
REQUEST_URI=/HospitalWeb/manager/infodefault/visitorCommentCreate
in D:\xampp\htdocs\HospitalWeb\protected\models\Info.php (32)
in D:\xampp\htdocs\HospitalWeb\protected\models\Info.php (57)
in D:\xampp\htdocs\HospitalWeb\protected\modules\manager\modules\info\controllers\DefaultController.php (537)
2014/06/13 10:04:46 [warning] [application] Failed to set unsafe attribute "appointment_date" of "Info".
in D:\xampp\htdocs\HospitalWeb\protected\modules\manager\modules\info\controllers\DefaultController.php (457)
in D:\xampp\htdocs\HospitalWeb\index.php (13)
2014/06/13 10:10:09 [warning] [application] Failed to set unsafe attribute "appointment_date" of "Info".
in D:\xampp\htdocs\HospitalWeb\protected\modules\manager\modules\info\controllers\DefaultController.php (461)
in D:\xampp\htdocs\HospitalWeb\index.php (13)
2014/06/13 10:10:09 [error] [php] Trying to get property of non-object (D:\xampp\htdocs\HospitalWeb\protected\models\Info.php:32)
Stack trace:
#0 D:\xampp\htdocs\yii\framework\db\ar\CActiveRecord.php(145): Info->__get()
#1 D:\xampp\htdocs\HospitalWeb\protected\modules\manager\modules\info\controllers\DefaultController.php(462): Info->__get()
#2 D:\xampp\htdocs\yii\framework\web\actions\CInlineAction.php(49): DefaultController->actionAppointmentCreate()
#3 D:\xampp\htdocs\yii\framework\web\CController.php(308): CInlineAction->runWithParams()
#4 D:\xampp\htdocs\yii\framework\web\filters\CFilterChain.php(133): DefaultController->runAction()
#5 D:\xampp\htdocs\yii\framework\web\filters\CFilter.php(40): CFilterChain->run()
#6 D:\xampp\htdocs\yii\framework\web\CController.php(1145): CAccessControlFilter->filter()
#7 D:\xampp\htdocs\yii\framework\web\filters\CInlineFilter.php(58): DefaultController->filterAccessControl()
#8 D:\xampp\htdocs\yii\framework\web\filters\CFilterChain.php(130): CInlineFilter->filter()
#9 D:\xampp\htdocs\yii\framework\web\CController.php(291): CFilterChain->run()
#10 D:\xampp\htdocs\yii\framework\web\CController.php(265): DefaultController->runActionWithFilters()
#11 D:\xampp\htdocs\yii\framework\web\CWebApplication.php(282): DefaultController->run()
#12 D:\xampp\htdocs\yii\framework\web\CWebApplication.php(141): CWebApplication->runController()
#13 D:\xampp\htdocs\yii\framework\base\CApplication.php(180): CWebApplication->processRequest()
#14 D:\xampp\htdocs\HospitalWeb\index.php(13): CWebApplication->run()
REQUEST_URI=/HospitalWeb/manager/infodefault/appointmentcreate
in D:\xampp\htdocs\HospitalWeb\protected\models\Info.php (32)
in D:\xampp\htdocs\HospitalWeb\protected\models\Info.php (57)
in D:\xampp\htdocs\HospitalWeb\protected\modules\manager\modules\info\controllers\DefaultController.php (462)
2014/06/13 10:10:36 [warning] [application] Failed to set unsafe attribute "appointment_date" of "Info".
in D:\xampp\htdocs\HospitalWeb\protected\modules\manager\modules\info\controllers\DefaultController.php (462)
in D:\xampp\htdocs\HospitalWeb\index.php (13)
2014/06/13 10:10:36 [error] [php] Trying to get property of non-object (D:\xampp\htdocs\HospitalWeb\protected\models\Info.php:35)
Stack trace:
#0 D:\xampp\htdocs\yii\framework\db\ar\CActiveRecord.php(145): Info->__get()
#1 D:\xampp\htdocs\HospitalWeb\protected\modules\manager\modules\info\controllers\DefaultController.php(463): Info->__get()
#2 D:\xampp\htdocs\yii\framework\web\actions\CInlineAction.php(49): DefaultController->actionAppointmentCreate()
#3 D:\xampp\htdocs\yii\framework\web\CController.php(308): CInlineAction->runWithParams()
#4 D:\xampp\htdocs\yii\framework\web\filters\CFilterChain.php(133): DefaultController->runAction()
#5 D:\xampp\htdocs\yii\framework\web\filters\CFilter.php(40): CFilterChain->run()
#6 D:\xampp\htdocs\yii\framework\web\CController.php(1145): CAccessControlFilter->filter()
#7 D:\xampp\htdocs\yii\framework\web\filters\CInlineFilter.php(58): DefaultController->filterAccessControl()
#8 D:\xampp\htdocs\yii\framework\web\filters\CFilterChain.php(130): CInlineFilter->filter()
#9 D:\xampp\htdocs\yii\framework\web\CController.php(291): CFilterChain->run()
#10 D:\xampp\htdocs\yii\framework\web\CController.php(265): DefaultController->runActionWithFilters()
#11 D:\xampp\htdocs\yii\framework\web\CWebApplication.php(282): DefaultController->run()
#12 D:\xampp\htdocs\yii\framework\web\CWebApplication.php(141): CWebApplication->runController()
#13 D:\xampp\htdocs\yii\framework\base\CApplication.php(180): CWebApplication->processRequest()
#14 D:\xampp\htdocs\HospitalWeb\index.php(13): CWebApplication->run()
REQUEST_URI=/HospitalWeb/manager/infodefault/appointmentcreate
in D:\xampp\htdocs\HospitalWeb\protected\models\Info.php (35)
in D:\xampp\htdocs\HospitalWeb\protected\models\Info.php (61)
in D:\xampp\htdocs\HospitalWeb\protected\modules\manager\modules\info\controllers\DefaultController.php (463)
2014/06/13 10:11:28 [warning] [application] Failed to set unsafe attribute "appointment_date" of "Info".
in D:\xampp\htdocs\HospitalWeb\protected\modules\manager\modules\info\controllers\DefaultController.php (462)
in D:\xampp\htdocs\HospitalWeb\index.php (13)
2014/06/13 10:12:09 [warning] [application] Failed to set unsafe attribute "appointment_date" of "Info".
in D:\xampp\htdocs\HospitalWeb\protected\modules\manager\modules\info\controllers\DefaultController.php (462)
in D:\xampp\htdocs\HospitalWeb\index.php (13)
2014/06/13 10:12:29 [warning] [application] Failed to set unsafe attribute "appointment_date" of "Info".
in D:\xampp\htdocs\HospitalWeb\protected\modules\manager\modules\info\controllers\DefaultController.php (462)
in D:\xampp\htdocs\HospitalWeb\index.php (13)
2014/06/13 10:12:29 [error] [php] Trying to get property of non-object (D:\xampp\htdocs\HospitalWeb\protected\models\Info.php:35)
Stack trace:
#0 D:\xampp\htdocs\yii\framework\db\ar\CActiveRecord.php(145): Info->__get()
#1 D:\xampp\htdocs\HospitalWeb\protected\modules\manager\modules\info\controllers\DefaultController.php(465): Info->__get()
#2 D:\xampp\htdocs\yii\framework\web\actions\CInlineAction.php(49): DefaultController->actionAppointmentCreate()
#3 D:\xampp\htdocs\yii\framework\web\CController.php(308): CInlineAction->runWithParams()
#4 D:\xampp\htdocs\yii\framework\web\filters\CFilterChain.php(133): DefaultController->runAction()
#5 D:\xampp\htdocs\yii\framework\web\filters\CFilter.php(40): CFilterChain->run()
#6 D:\xampp\htdocs\yii\framework\web\CController.php(1145): CAccessControlFilter->filter()
#7 D:\xampp\htdocs\yii\framework\web\filters\CInlineFilter.php(58): DefaultController->filterAccessControl()
#8 D:\xampp\htdocs\yii\framework\web\filters\CFilterChain.php(130): CInlineFilter->filter()
#9 D:\xampp\htdocs\yii\framework\web\CController.php(291): CFilterChain->run()
#10 D:\xampp\htdocs\yii\framework\web\CController.php(265): DefaultController->runActionWithFilters()
#11 D:\xampp\htdocs\yii\framework\web\CWebApplication.php(282): DefaultController->run()
#12 D:\xampp\htdocs\yii\framework\web\CWebApplication.php(141): CWebApplication->runController()
#13 D:\xampp\htdocs\yii\framework\base\CApplication.php(180): CWebApplication->processRequest()
#14 D:\xampp\htdocs\HospitalWeb\index.php(13): CWebApplication->run()
REQUEST_URI=/HospitalWeb/manager/infodefault/appointmentcreate
in D:\xampp\htdocs\HospitalWeb\protected\models\Info.php (35)
in D:\xampp\htdocs\HospitalWeb\protected\models\Info.php (61)
in D:\xampp\htdocs\HospitalWeb\protected\modules\manager\modules\info\controllers\DefaultController.php (465)
2014/06/13 10:12:57 [warning] [application] Failed to set unsafe attribute "appointment_date" of "Info".
in D:\xampp\htdocs\HospitalWeb\protected\modules\manager\modules\info\controllers\DefaultController.php (462)
in D:\xampp\htdocs\HospitalWeb\index.php (13)
2014/06/13 10:13:28 [warning] [application] Failed to set unsafe attribute "appointment_date" of "Info".
in D:\xampp\htdocs\HospitalWeb\protected\modules\manager\modules\info\controllers\DefaultController.php (462)
in D:\xampp\htdocs\HospitalWeb\index.php (13)
2014/06/13 10:25:59 [warning] [application] Failed to set unsafe attribute "appointment_date" of "Info".
in D:\xampp\htdocs\HospitalWeb\protected\modules\manager\modules\info\controllers\DefaultController.php (461)
in D:\xampp\htdocs\HospitalWeb\index.php (13)
2014/06/13 10:27:14 [warning] [application] Failed to set unsafe attribute "appointment_date" of "Info".
in D:\xampp\htdocs\HospitalWeb\protected\modules\manager\modules\info\controllers\DefaultController.php (461)
in D:\xampp\htdocs\HospitalWeb\index.php (13)
2014/06/13 10:29:16 [warning] [application] Failed to set unsafe attribute "appointment_date" of "Info".
in D:\xampp\htdocs\HospitalWeb\protected\modules\manager\modules\info\controllers\DefaultController.php (461)
in D:\xampp\htdocs\HospitalWeb\index.php (13)
2014/06/13 10:30:58 [warning] [application] Failed to set unsafe attribute "appointment_date" of "Info".
in D:\xampp\htdocs\HospitalWeb\protected\modules\manager\modules\info\controllers\DefaultController.php (461)
in D:\xampp\htdocs\HospitalWeb\index.php (13)
2014/06/13 10:30:58 [error] [php] Undefined index: appointment_date (D:\xampp\htdocs\HospitalWeb\protected\modules\manager\modules\info\controllers\DefaultController.php:463)
Stack trace:
#0 D:\xampp\htdocs\yii\framework\web\filters\CFilterChain.php(133): DefaultController->runAction()
#1 D:\xampp\htdocs\yii\framework\web\filters\CFilter.php(40): CFilterChain->run()
#2 D:\xampp\htdocs\yii\framework\web\CController.php(1145): CAccessControlFilter->filter()
#3 D:\xampp\htdocs\yii\framework\web\filters\CInlineFilter.php(58): DefaultController->filterAccessControl()
#4 D:\xampp\htdocs\yii\framework\web\filters\CFilterChain.php(130): CInlineFilter->filter()
#5 D:\xampp\htdocs\yii\framework\web\CController.php(291): CFilterChain->run()
#6 D:\xampp\htdocs\yii\framework\web\CController.php(265): DefaultController->runActionWithFilters()
#7 D:\xampp\htdocs\yii\framework\web\CWebApplication.php(282): DefaultController->run()
#8 D:\xampp\htdocs\yii\framework\web\CWebApplication.php(141): CWebApplication->runController()
#9 D:\xampp\htdocs\yii\framework\base\CApplication.php(180): CWebApplication->processRequest()
#10 D:\xampp\htdocs\HospitalWeb\index.php(13): CWebApplication->run()
REQUEST_URI=/HospitalWeb/manager/infodefault/appointmentcreate
in D:\xampp\htdocs\HospitalWeb\protected\modules\manager\modules\info\controllers\DefaultController.php (463)
in D:\xampp\htdocs\HospitalWeb\index.php (13)
2014/06/13 10:32:32 [warning] [application] Failed to set unsafe attribute "appointment_date" of "Info".
in D:\xampp\htdocs\HospitalWeb\protected\modules\manager\modules\info\controllers\DefaultController.php (461)
in D:\xampp\htdocs\HospitalWeb\index.php (13)
2014/06/13 10:32:32 [error] [php] Undefined index: appointment_date (D:\xampp\htdocs\HospitalWeb\protected\modules\manager\modules\info\controllers\DefaultController.php:463)
Stack trace:
#0 D:\xampp\htdocs\yii\framework\web\filters\CFilterChain.php(133): DefaultController->runAction()
#1 D:\xampp\htdocs\yii\framework\web\filters\CFilter.php(40): CFilterChain->run()
#2 D:\xampp\htdocs\yii\framework\web\CController.php(1145): CAccessControlFilter->filter()
#3 D:\xampp\htdocs\yii\framework\web\filters\CInlineFilter.php(58): DefaultController->filterAccessControl()
#4 D:\xampp\htdocs\yii\framework\web\filters\CFilterChain.php(130): CInlineFilter->filter()
#5 D:\xampp\htdocs\yii\framework\web\CController.php(291): CFilterChain->run()
#6 D:\xampp\htdocs\yii\framework\web\CController.php(265): DefaultController->runActionWithFilters()
#7 D:\xampp\htdocs\yii\framework\web\CWebApplication.php(282): DefaultController->run()
#8 D:\xampp\htdocs\yii\framework\web\CWebApplication.php(141): CWebApplication->runController()
#9 D:\xampp\htdocs\yii\framework\base\CApplication.php(180): CWebApplication->processRequest()
#10 D:\xampp\htdocs\HospitalWeb\index.php(13): CWebApplication->run()
REQUEST_URI=/HospitalWeb/manager/infodefault/appointmentcreate
in D:\xampp\htdocs\HospitalWeb\protected\modules\manager\modules\info\controllers\DefaultController.php (463)
in D:\xampp\htdocs\HospitalWeb\index.php (13)
2014/06/13 10:33:27 [warning] [application] Failed to set unsafe attribute "appointment_date" of "Info".
in D:\xampp\htdocs\HospitalWeb\protected\modules\manager\modules\info\controllers\DefaultController.php (461)
in D:\xampp\htdocs\HospitalWeb\index.php (13)
2014/06/13 10:33:27 [error] [php] Use of undefined constant Info - assumed 'Info' (D:\xampp\htdocs\HospitalWeb\protected\modules\manager\modules\info\controllers\DefaultController.php:463)
Stack trace:
#0 D:\xampp\htdocs\yii\framework\web\filters\CFilterChain.php(133): DefaultController->runAction()
#1 D:\xampp\htdocs\yii\framework\web\filters\CFilter.php(40): CFilterChain->run()
#2 D:\xampp\htdocs\yii\framework\web\CController.php(1145): CAccessControlFilter->filter()
#3 D:\xampp\htdocs\yii\framework\web\filters\CInlineFilter.php(58): DefaultController->filterAccessControl()
#4 D:\xampp\htdocs\yii\framework\web\filters\CFilterChain.php(130): CInlineFilter->filter()
#5 D:\xampp\htdocs\yii\framework\web\CController.php(291): CFilterChain->run()
#6 D:\xampp\htdocs\yii\framework\web\CController.php(265): DefaultController->runActionWithFilters()
#7 D:\xampp\htdocs\yii\framework\web\CWebApplication.php(282): DefaultController->run()
#8 D:\xampp\htdocs\yii\framework\web\CWebApplication.php(141): CWebApplication->runController()
#9 D:\xampp\htdocs\yii\framework\base\CApplication.php(180): CWebApplication->processRequest()
#10 D:\xampp\htdocs\HospitalWeb\index.php(13): CWebApplication->run()
REQUEST_URI=/HospitalWeb/manager/infodefault/appointmentcreate
in D:\xampp\htdocs\HospitalWeb\protected\modules\manager\modules\info\controllers\DefaultController.php (463)
in D:\xampp\htdocs\HospitalWeb\index.php (13)
2014/06/13 10:33:44 [warning] [application] Failed to set unsafe attribute "appointment_date" of "Info".
in D:\xampp\htdocs\HospitalWeb\protected\modules\manager\modules\info\controllers\DefaultController.php (461)
in D:\xampp\htdocs\HospitalWeb\index.php (13)
2014/06/13 10:33:44 [error] [php] Use of undefined constant Info - assumed 'Info' (D:\xampp\htdocs\HospitalWeb\protected\modules\manager\modules\info\controllers\DefaultController.php:463)
Stack trace:
#0 D:\xampp\htdocs\yii\framework\web\filters\CFilterChain.php(133): DefaultController->runAction()
#1 D:\xampp\htdocs\yii\framework\web\filters\CFilter.php(40): CFilterChain->run()
#2 D:\xampp\htdocs\yii\framework\web\CController.php(1145): CAccessControlFilter->filter()
#3 D:\xampp\htdocs\yii\framework\web\filters\CInlineFilter.php(58): DefaultController->filterAccessControl()
#4 D:\xampp\htdocs\yii\framework\web\filters\CFilterChain.php(130): CInlineFilter->filter()
#5 D:\xampp\htdocs\yii\framework\web\CController.php(291): CFilterChain->run()
#6 D:\xampp\htdocs\yii\framework\web\CController.php(265): DefaultController->runActionWithFilters()
#7 D:\xampp\htdocs\yii\framework\web\CWebApplication.php(282): DefaultController->run()
#8 D:\xampp\htdocs\yii\framework\web\CWebApplication.php(141): CWebApplication->runController()
#9 D:\xampp\htdocs\yii\framework\base\CApplication.php(180): CWebApplication->processRequest()
#10 D:\xampp\htdocs\HospitalWeb\index.php(13): CWebApplication->run()
REQUEST_URI=/HospitalWeb/manager/infodefault/appointmentcreate
in D:\xampp\htdocs\HospitalWeb\protected\modules\manager\modules\info\controllers\DefaultController.php (463)
in D:\xampp\htdocs\HospitalWeb\index.php (13)
2014/06/13 10:33:48 [warning] [application] Failed to set unsafe attribute "appointment_date" of "Info".
in D:\xampp\htdocs\HospitalWeb\protected\modules\manager\modules\info\controllers\DefaultController.php (461)
in D:\xampp\htdocs\HospitalWeb\index.php (13)
2014/06/13 10:33:48 [error] [php] Use of undefined constant Info - assumed 'Info' (D:\xampp\htdocs\HospitalWeb\protected\modules\manager\modules\info\controllers\DefaultController.php:463)
Stack trace:
#0 D:\xampp\htdocs\yii\framework\web\filters\CFilterChain.php(133): DefaultController->runAction()
#1 D:\xampp\htdocs\yii\framework\web\filters\CFilter.php(40): CFilterChain->run()
#2 D:\xampp\htdocs\yii\framework\web\CController.php(1145): CAccessControlFilter->filter()
#3 D:\xampp\htdocs\yii\framework\web\filters\CInlineFilter.php(58): DefaultController->filterAccessControl()
#4 D:\xampp\htdocs\yii\framework\web\filters\CFilterChain.php(130): CInlineFilter->filter()
#5 D:\xampp\htdocs\yii\framework\web\CController.php(291): CFilterChain->run()
#6 D:\xampp\htdocs\yii\framework\web\CController.php(265): DefaultController->runActionWithFilters()
#7 D:\xampp\htdocs\yii\framework\web\CWebApplication.php(282): DefaultController->run()
#8 D:\xampp\htdocs\yii\framework\web\CWebApplication.php(141): CWebApplication->runController()
#9 D:\xampp\htdocs\yii\framework\base\CApplication.php(180): CWebApplication->processRequest()
#10 D:\xampp\htdocs\HospitalWeb\index.php(13): CWebApplication->run()
REQUEST_URI=/HospitalWeb/manager/infodefault/appointmentcreate
in D:\xampp\htdocs\HospitalWeb\protected\modules\manager\modules\info\controllers\DefaultController.php (463)
in D:\xampp\htdocs\HospitalWeb\index.php (13)
2014/06/13 10:33:58 [warning] [application] Failed to set unsafe attribute "appointment_date" of "Info".
in D:\xampp\htdocs\HospitalWeb\protected\modules\manager\modules\info\controllers\DefaultController.php (461)
in D:\xampp\htdocs\HospitalWeb\index.php (13)
2014/06/13 10:34:44 [warning] [application] Failed to set unsafe attribute "appointment_date" of "Info".
in D:\xampp\htdocs\HospitalWeb\protected\modules\manager\modules\info\controllers\DefaultController.php (461)
in D:\xampp\htdocs\HospitalWeb\index.php (13)
2014/06/13 10:39:46 [warning] [application] Failed to set unsafe attribute "appointment_date" of "Info".
in D:\xampp\htdocs\HospitalWeb\protected\modules\manager\modules\info\controllers\DefaultController.php (461)
in D:\xampp\htdocs\HospitalWeb\index.php (13)
2014/06/14 15:07:46 [error] [exception.CHttpException.404] exception 'CHttpException' with message 'The system is unable to find the requested action "pushnotification".' in D:\xampp\htdocs\yii\framework\web\CController.php:483
Stack trace:
#0 D:\xampp\htdocs\yii\framework\web\CController.php(270): CController->missingAction('pushnotificatio...')
#1 D:\xampp\htdocs\yii\framework\web\CWebApplication.php(282): CController->run('pushnotificatio...')
#2 D:\xampp\htdocs\yii\framework\web\CWebApplication.php(141): CWebApplication->runController('site/pushnotifi...')
#3 D:\xampp\htdocs\yii\framework\base\CApplication.php(180): CWebApplication->processRequest()
#4 D:\xampp\htdocs\HospitalWeb\index.php(13): CApplication->run()
#5 {main}
REQUEST_URI=/HospitalWeb/site/pushnotification
---
2014/06/14 15:14:11 [error] [exception.CHttpException.404] exception 'CHttpException' with message 'Unable to resolve the request "api/registeruser".' in D:\xampp\htdocs\yii\framework\web\CWebApplication.php:286
Stack trace:
#0 D:\xampp\htdocs\yii\framework\web\CWebApplication.php(141): CWebApplication->runController('api/registeruse...')
#1 D:\xampp\htdocs\yii\framework\base\CApplication.php(180): CWebApplication->processRequest()
#2 D:\xampp\htdocs\HospitalWeb\index.php(13): CApplication->run()
#3 {main}
REQUEST_URI=/HospitalWeb/api/registeruser
---
2014/06/14 15:20:24 [error] [php] Trying to get property of non-object (D:\xampp\htdocs\HospitalWeb\protected\models\User.php:39)
Stack trace:
#0 D:\xampp\htdocs\HospitalWeb\protected\controllers\api\UserController.php(213): User->insert()
#1 D:\xampp\htdocs\yii\framework\web\actions\CInlineAction.php(49): UserController->actionRegisterUser()
#2 D:\xampp\htdocs\yii\framework\web\CController.php(308): CInlineAction->runWithParams()
#3 D:\xampp\htdocs\yii\framework\web\CController.php(286): UserController->runAction()
#4 D:\xampp\htdocs\yii\framework\web\CController.php(265): UserController->runActionWithFilters()
#5 D:\xampp\htdocs\yii\framework\web\CWebApplication.php(282): UserController->run()
#6 D:\xampp\htdocs\yii\framework\web\CWebApplication.php(141): CWebApplication->runController()
#7 D:\xampp\htdocs\yii\framework\base\CApplication.php(180): CWebApplication->processRequest()
#8 D:\xampp\htdocs\HospitalWeb\index.php(13): CWebApplication->run()
REQUEST_URI=/HospitalWeb/api/user/registeruser
in D:\xampp\htdocs\HospitalWeb\protected\models\User.php (39)
in D:\xampp\htdocs\HospitalWeb\protected\models\User.php (67)
in D:\xampp\htdocs\HospitalWeb\protected\controllers\api\UserController.php (213)
2014/06/14 16:00:46 [error] [exception.CHttpException.404] exception 'CHttpException' with message 'Unable to resolve the request "manager/userdefault/addon.css".' in D:\xampp\htdocs\yii\framework\web\CWebApplication.php:286
Stack trace:
#0 D:\xampp\htdocs\yii\framework\web\CWebApplication.php(141): CWebApplication->runController('manager/userdef...')
#1 D:\xampp\htdocs\yii\framework\base\CApplication.php(180): CWebApplication->processRequest()
#2 D:\xampp\htdocs\HospitalWeb\index.php(13): CApplication->run()
#3 {main}
REQUEST_URI=/HospitalWeb/manager/userdefault/addon.css
HTTP_REFERER=http://localhost/HospitalWeb/manager/userdefault/update?id=35
---
2014/06/16 14:35:33 [error] [exception.CException] exception 'CException' with message 'Property "CGridView.
	htmlOptions" is not defined.' in D:\xampp\htdocs\yii\framework\base\CComponent.php:173
Stack trace:
#0 D:\xampp\htdocs\yii\framework\web\CWidgetFactory.php(161): CComponent->__set('\r\n\thtmlOptions', Array)
#1 D:\xampp\htdocs\yii\framework\web\CBaseController.php(146): CWidgetFactory->createWidget(Object(DefaultController), 'zii.widgets.gri...', Array)
#2 D:\xampp\htdocs\yii\framework\web\CBaseController.php(172): CBaseController->createWidget('zii.widgets.gri...', Array)
#3 D:\xampp\htdocs\TaxConsulting\protected\modules\admin\modules\company\views\default\admin.php(60): CBaseController->widget('zii.widgets.gri...', Array)
#4 D:\xampp\htdocs\yii\framework\web\CBaseController.php(126): require('D:\\xampp\\htdocs...')
#5 D:\xampp\htdocs\yii\framework\web\CBaseController.php(95): CBaseController->renderInternal('D:\\xampp\\htdocs...', Array, true)
#6 D:\xampp\htdocs\yii\framework\web\CController.php(869): CBaseController->renderFile('D:\\xampp\\htdocs...', Array, true)
#7 D:\xampp\htdocs\yii\framework\web\CController.php(782): CController->renderPartial('admin', Array, true)
#8 D:\xampp\htdocs\TaxConsulting\protected\modules\admin\modules\company\controllers\DefaultController.php(143): CController->render('admin', Array)
#9 D:\xampp\htdocs\yii\framework\web\actions\CInlineAction.php(49): DefaultController->actionAdmin()
#10 D:\xampp\htdocs\yii\framework\web\CController.php(308): CInlineAction->runWithParams(Array)
#11 D:\xampp\htdocs\yii\framework\web\filters\CFilterChain.php(133): CController->runAction(Object(CInlineAction))
#12 D:\xampp\htdocs\yii\framework\web\filters\CFilter.php(40): CFilterChain->run()
#13 D:\xampp\htdocs\yii\framework\web\CController.php(1145): CFilter->filter(Object(CFilterChain))
#14 D:\xampp\htdocs\yii\framework\web\filters\CInlineFilter.php(58): CController->filterAccessControl(Object(CFilterChain))
#15 D:\xampp\htdocs\yii\framework\web\filters\CFilterChain.php(130): CInlineFilter->filter(Object(CFilterChain))
#16 D:\xampp\htdocs\yii\framework\web\CController.php(291): CFilterChain->run()
#17 D:\xampp\htdocs\yii\framework\web\CController.php(265): CController->runActionWithFilters(Object(CInlineAction), Array)
#18 D:\xampp\htdocs\yii\framework\web\CWebApplication.php(282): CController->run('admin')
#19 D:\xampp\htdocs\yii\framework\web\CWebApplication.php(141): CWebApplication->runController('admin/company/d...')
#20 D:\xampp\htdocs\yii\framework\base\CApplication.php(180): CWebApplication->processRequest()
#21 D:\xampp\htdocs\TaxConsulting\index.php(13): CApplication->run()
#22 {main}
REQUEST_URI=/TaxConsulting/admin/companydefault/admin
HTTP_REFERER=http://localhost/TaxConsulting/admin/company
---
2014/06/16 14:36:02 [error] [exception.CHttpException.404] exception 'CHttpException' with message 'Unable to resolve the request "admin/company/index".' in D:\xampp\htdocs\yii\framework\web\CWebApplication.php:286
Stack trace:
#0 D:\xampp\htdocs\yii\framework\web\CWebApplication.php(141): CWebApplication->runController('admin/company/i...')
#1 D:\xampp\htdocs\yii\framework\base\CApplication.php(180): CWebApplication->processRequest()
#2 D:\xampp\htdocs\TaxConsulting\index.php(13): CApplication->run()
#3 {main}
REQUEST_URI=/TaxConsulting/admin/company/index
---
2014/06/16 15:11:38 [warning] [application] Failed to set unsafe attribute "location" of "Company".
in D:\xampp\htdocs\TaxConsulting\protected\modules\admin\modules\company\controllers\DefaultController.php (72)
in D:\xampp\htdocs\TaxConsulting\index.php (13)
2014/06/16 15:11:38 [warning] [application] Failed to set unsafe attribute "introduction" of "Company".
in D:\xampp\htdocs\TaxConsulting\protected\modules\admin\modules\company\controllers\DefaultController.php (72)
in D:\xampp\htdocs\TaxConsulting\index.php (13)
2014/06/16 15:13:38 [error] [php] Trying to get property of non-object (D:\xampp\htdocs\TaxConsulting\protected\controllers\RssNotificationController.php:210)
Stack trace:
#0 D:\xampp\htdocs\yii\framework\web\CWebApplication.php(141): CWebApplication->runController()
#1 D:\xampp\htdocs\yii\framework\base\CApplication.php(180): CWebApplication->processRequest()
#2 D:\xampp\htdocs\TaxConsulting\index.php(13): CWebApplication->run()
REQUEST_URI=/TaxConsulting/rssNotification/getFeeds
in D:\xampp\htdocs\TaxConsulting\protected\controllers\RssNotificationController.php (210)
in D:\xampp\htdocs\TaxConsulting\protected\controllers\RssNotificationController.php (227)
in D:\xampp\htdocs\TaxConsulting\index.php (13)
2014/06/16 15:14:11 [error] [php] Trying to get property of non-object (D:\xampp\htdocs\TaxConsulting\protected\controllers\RssNotificationController.php:210)
Stack trace:
#0 D:\xampp\htdocs\yii\framework\web\CWebApplication.php(141): CWebApplication->runController()
#1 D:\xampp\htdocs\yii\framework\base\CApplication.php(180): CWebApplication->processRequest()
#2 D:\xampp\htdocs\TaxConsulting\index.php(13): CWebApplication->run()
REQUEST_URI=/TaxConsulting/rssNotification/getFeeds
in D:\xampp\htdocs\TaxConsulting\protected\controllers\RssNotificationController.php (210)
in D:\xampp\htdocs\TaxConsulting\protected\controllers\RssNotificationController.php (227)
in D:\xampp\htdocs\TaxConsulting\index.php (13)
2014/06/16 15:15:34 [error] [php] Trying to get property of non-object (D:\xampp\htdocs\TaxConsulting\protected\controllers\RssNotificationController.php:210)
Stack trace:
#0 D:\xampp\htdocs\yii\framework\web\CWebApplication.php(141): CWebApplication->runController()
#1 D:\xampp\htdocs\yii\framework\base\CApplication.php(180): CWebApplication->processRequest()
#2 D:\xampp\htdocs\TaxConsulting\index.php(13): CWebApplication->run()
REQUEST_URI=/TaxConsulting/rssNotification/getFeeds
in D:\xampp\htdocs\TaxConsulting\protected\controllers\RssNotificationController.php (210)
in D:\xampp\htdocs\TaxConsulting\protected\controllers\RssNotificationController.php (227)
in D:\xampp\htdocs\TaxConsulting\index.php (13)
2014/06/16 15:18:32 [error] [php] Trying to get property of non-object (D:\xampp\htdocs\TaxConsulting\protected\controllers\RssNotificationController.php:210)
Stack trace:
#0 D:\xampp\htdocs\yii\framework\web\CWebApplication.php(141): CWebApplication->runController()
#1 D:\xampp\htdocs\yii\framework\base\CApplication.php(180): CWebApplication->processRequest()
#2 D:\xampp\htdocs\TaxConsulting\index.php(13): CWebApplication->run()
REQUEST_URI=/TaxConsulting/rssNotification/getFeeds
in D:\xampp\htdocs\TaxConsulting\protected\controllers\RssNotificationController.php (210)
in D:\xampp\htdocs\TaxConsulting\protected\controllers\RssNotificationController.php (227)
in D:\xampp\htdocs\TaxConsulting\index.php (13)
2014/06/16 15:19:01 [error] [php] Trying to get property of non-object (D:\xampp\htdocs\TaxConsulting\protected\controllers\RssNotificationController.php:210)
Stack trace:
#0 D:\xampp\htdocs\yii\framework\web\CWebApplication.php(141): CWebApplication->runController()
#1 D:\xampp\htdocs\yii\framework\base\CApplication.php(180): CWebApplication->processRequest()
#2 D:\xampp\htdocs\TaxConsulting\index.php(13): CWebApplication->run()
REQUEST_URI=/TaxConsulting/rssNotification/getFeeds
in D:\xampp\htdocs\TaxConsulting\protected\controllers\RssNotificationController.php (210)
in D:\xampp\htdocs\TaxConsulting\protected\controllers\RssNotificationController.php (227)
in D:\xampp\htdocs\TaxConsulting\index.php (13)
2014/06/16 15:29:17 [warning] [application] Failed to set unsafe attribute "location" of "Company".
in D:\xampp\htdocs\TaxConsulting\protected\modules\admin\modules\company\controllers\DefaultController.php (72)
in D:\xampp\htdocs\TaxConsulting\index.php (13)
2014/06/16 15:29:17 [warning] [application] Failed to set unsafe attribute "introduction" of "Company".
in D:\xampp\htdocs\TaxConsulting\protected\modules\admin\modules\company\controllers\DefaultController.php (72)
in D:\xampp\htdocs\TaxConsulting\index.php (13)
2014/06/16 15:30:33 [error] [php] htmlspecialchars() expects parameter 1 to be string, array given (D:\xampp\htdocs\yii\framework\web\helpers\CHtml.php:103)
Stack trace:
#0 D:\xampp\htdocs\yii\framework\utils\CFormatter.php(128): CFormatter->formatText()
#1 D:\xampp\htdocs\yii\framework\zii\widgets\CDetailView.php(218): CFormatter->format()
#2 D:\xampp\htdocs\yii\framework\web\CBaseController.php(173): CDetailView->run()
#3 D:\xampp\htdocs\TaxConsulting\protected\modules\admin\modules\user\views\default\view.php(54): DefaultController->widget()
#4 D:\xampp\htdocs\yii\framework\web\CBaseController.php(126): require()
#5 D:\xampp\htdocs\yii\framework\web\CBaseController.php(95): DefaultController->renderInternal()
#6 D:\xampp\htdocs\yii\framework\web\CController.php(869): DefaultController->renderFile()
#7 D:\xampp\htdocs\yii\framework\web\CController.php(782): DefaultController->renderPartial()
#8 D:\xampp\htdocs\TaxConsulting\protected\modules\admin\modules\user\controllers\DefaultController.php(55): DefaultController->render()
#9 unknown(0): DefaultController->actionView()
#10 D:\xampp\htdocs\yii\framework\web\actions\CAction.php(108): ReflectionMethod->invokeArgs()
#11 D:\xampp\htdocs\yii\framework\web\actions\CInlineAction.php(47): CInlineAction->runWithParamsInternal()
#12 D:\xampp\htdocs\yii\framework\web\CController.php(308): CInlineAction->runWithParams()
#13 D:\xampp\htdocs\yii\framework\web\filters\CFilterChain.php(133): DefaultController->runAction()
#14 D:\xampp\htdocs\yii\framework\web\filters\CFilter.php(40): CFilterChain->run()
#15 D:\xampp\htdocs\yii\framework\web\CController.php(1145): CAccessControlFilter->filter()
#16 D:\xampp\htdocs\yii\framework\web\filters\CInlineFilter.php(58): DefaultController->filterAccessControl()
#17 D:\xampp\htdocs\yii\framework\web\filters\CFilterChain.php(130): CInlineFilter->filter()
#18 D:\xampp\htdocs\yii\framework\web\CController.php(291): CFilterChain->run()
#19 D:\xampp\htdocs\yii\framework\web\CController.php(265): DefaultController->runActionWithFilters()
#20 D:\xampp\htdocs\yii\framework\web\CWebApplication.php(282): DefaultController->run()
#21 D:\xampp\htdocs\yii\framework\web\CWebApplication.php(141): CWebApplication->runController()
#22 D:\xampp\htdocs\yii\framework\base\CApplication.php(180): CWebApplication->processRequest()
#23 D:\xampp\htdocs\TaxConsulting\index.php(13): CWebApplication->run()
REQUEST_URI=/TaxConsulting/admin/userdefault/view?id=44
in D:\xampp\htdocs\TaxConsulting\protected\modules\admin\modules\user\views\default\view.php (54)
in D:\xampp\htdocs\TaxConsulting\protected\modules\admin\modules\user\controllers\DefaultController.php (55)
in D:\xampp\htdocs\TaxConsulting\index.php (13)
2014/06/16 15:30:48 [error] [php] htmlspecialchars() expects parameter 1 to be string, array given (D:\xampp\htdocs\yii\framework\web\helpers\CHtml.php:103)
Stack trace:
#0 D:\xampp\htdocs\yii\framework\utils\CFormatter.php(128): CFormatter->formatText()
#1 D:\xampp\htdocs\yii\framework\zii\widgets\CDetailView.php(218): CFormatter->format()
#2 D:\xampp\htdocs\yii\framework\web\CBaseController.php(173): CDetailView->run()
#3 D:\xampp\htdocs\TaxConsulting\protected\modules\admin\modules\user\views\default\view.php(54): DefaultController->widget()
#4 D:\xampp\htdocs\yii\framework\web\CBaseController.php(126): require()
#5 D:\xampp\htdocs\yii\framework\web\CBaseController.php(95): DefaultController->renderInternal()
#6 D:\xampp\htdocs\yii\framework\web\CController.php(869): DefaultController->renderFile()
#7 D:\xampp\htdocs\yii\framework\web\CController.php(782): DefaultController->renderPartial()
#8 D:\xampp\htdocs\TaxConsulting\protected\modules\admin\modules\user\controllers\DefaultController.php(55): DefaultController->render()
#9 unknown(0): DefaultController->actionView()
#10 D:\xampp\htdocs\yii\framework\web\actions\CAction.php(108): ReflectionMethod->invokeArgs()
#11 D:\xampp\htdocs\yii\framework\web\actions\CInlineAction.php(47): CInlineAction->runWithParamsInternal()
#12 D:\xampp\htdocs\yii\framework\web\CController.php(308): CInlineAction->runWithParams()
#13 D:\xampp\htdocs\yii\framework\web\filters\CFilterChain.php(133): DefaultController->runAction()
#14 D:\xampp\htdocs\yii\framework\web\filters\CFilter.php(40): CFilterChain->run()
#15 D:\xampp\htdocs\yii\framework\web\CController.php(1145): CAccessControlFilter->filter()
#16 D:\xampp\htdocs\yii\framework\web\filters\CInlineFilter.php(58): DefaultController->filterAccessControl()
#17 D:\xampp\htdocs\yii\framework\web\filters\CFilterChain.php(130): CInlineFilter->filter()
#18 D:\xampp\htdocs\yii\framework\web\CController.php(291): CFilterChain->run()
#19 D:\xampp\htdocs\yii\framework\web\CController.php(265): DefaultController->runActionWithFilters()
#20 D:\xampp\htdocs\yii\framework\web\CWebApplication.php(282): DefaultController->run()
#21 D:\xampp\htdocs\yii\framework\web\CWebApplication.php(141): CWebApplication->runController()
#22 D:\xampp\htdocs\yii\framework\base\CApplication.php(180): CWebApplication->processRequest()
#23 D:\xampp\htdocs\TaxConsulting\index.php(13): CWebApplication->run()
REQUEST_URI=/TaxConsulting/admin/userdefault/view?id=44
in D:\xampp\htdocs\TaxConsulting\protected\modules\admin\modules\user\views\default\view.php (54)
in D:\xampp\htdocs\TaxConsulting\protected\modules\admin\modules\user\controllers\DefaultController.php (55)
in D:\xampp\htdocs\TaxConsulting\index.php (13)
2014/06/16 15:30:49 [error] [php] htmlspecialchars() expects parameter 1 to be string, array given (D:\xampp\htdocs\yii\framework\web\helpers\CHtml.php:103)
Stack trace:
#0 D:\xampp\htdocs\yii\framework\utils\CFormatter.php(128): CFormatter->formatText()
#1 D:\xampp\htdocs\yii\framework\zii\widgets\CDetailView.php(218): CFormatter->format()
#2 D:\xampp\htdocs\yii\framework\web\CBaseController.php(173): CDetailView->run()
#3 D:\xampp\htdocs\TaxConsulting\protected\modules\admin\modules\user\views\default\view.php(54): DefaultController->widget()
#4 D:\xampp\htdocs\yii\framework\web\CBaseController.php(126): require()
#5 D:\xampp\htdocs\yii\framework\web\CBaseController.php(95): DefaultController->renderInternal()
#6 D:\xampp\htdocs\yii\framework\web\CController.php(869): DefaultController->renderFile()
#7 D:\xampp\htdocs\yii\framework\web\CController.php(782): DefaultController->renderPartial()
#8 D:\xampp\htdocs\TaxConsulting\protected\modules\admin\modules\user\controllers\DefaultController.php(55): DefaultController->render()
#9 unknown(0): DefaultController->actionView()
#10 D:\xampp\htdocs\yii\framework\web\actions\CAction.php(108): ReflectionMethod->invokeArgs()
#11 D:\xampp\htdocs\yii\framework\web\actions\CInlineAction.php(47): CInlineAction->runWithParamsInternal()
#12 D:\xampp\htdocs\yii\framework\web\CController.php(308): CInlineAction->runWithParams()
#13 D:\xampp\htdocs\yii\framework\web\filters\CFilterChain.php(133): DefaultController->runAction()
#14 D:\xampp\htdocs\yii\framework\web\filters\CFilter.php(40): CFilterChain->run()
#15 D:\xampp\htdocs\yii\framework\web\CController.php(1145): CAccessControlFilter->filter()
#16 D:\xampp\htdocs\yii\framework\web\filters\CInlineFilter.php(58): DefaultController->filterAccessControl()
#17 D:\xampp\htdocs\yii\framework\web\filters\CFilterChain.php(130): CInlineFilter->filter()
#18 D:\xampp\htdocs\yii\framework\web\CController.php(291): CFilterChain->run()
#19 D:\xampp\htdocs\yii\framework\web\CController.php(265): DefaultController->runActionWithFilters()
#20 D:\xampp\htdocs\yii\framework\web\CWebApplication.php(282): DefaultController->run()
#21 D:\xampp\htdocs\yii\framework\web\CWebApplication.php(141): CWebApplication->runController()
#22 D:\xampp\htdocs\yii\framework\base\CApplication.php(180): CWebApplication->processRequest()
#23 D:\xampp\htdocs\TaxConsulting\index.php(13): CWebApplication->run()
REQUEST_URI=/TaxConsulting/admin/userdefault/view?id=44
in D:\xampp\htdocs\TaxConsulting\protected\modules\admin\modules\user\views\default\view.php (54)
in D:\xampp\htdocs\TaxConsulting\protected\modules\admin\modules\user\controllers\DefaultController.php (55)
in D:\xampp\htdocs\TaxConsulting\index.php (13)
2014/06/16 15:30:49 [error] [php] htmlspecialchars() expects parameter 1 to be string, array given (D:\xampp\htdocs\yii\framework\web\helpers\CHtml.php:103)
Stack trace:
#0 D:\xampp\htdocs\yii\framework\utils\CFormatter.php(128): CFormatter->formatText()
#1 D:\xampp\htdocs\yii\framework\zii\widgets\CDetailView.php(218): CFormatter->format()
#2 D:\xampp\htdocs\yii\framework\web\CBaseController.php(173): CDetailView->run()
#3 D:\xampp\htdocs\TaxConsulting\protected\modules\admin\modules\user\views\default\view.php(54): DefaultController->widget()
#4 D:\xampp\htdocs\yii\framework\web\CBaseController.php(126): require()
#5 D:\xampp\htdocs\yii\framework\web\CBaseController.php(95): DefaultController->renderInternal()
#6 D:\xampp\htdocs\yii\framework\web\CController.php(869): DefaultController->renderFile()
#7 D:\xampp\htdocs\yii\framework\web\CController.php(782): DefaultController->renderPartial()
#8 D:\xampp\htdocs\TaxConsulting\protected\modules\admin\modules\user\controllers\DefaultController.php(55): DefaultController->render()
#9 unknown(0): DefaultController->actionView()
#10 D:\xampp\htdocs\yii\framework\web\actions\CAction.php(108): ReflectionMethod->invokeArgs()
#11 D:\xampp\htdocs\yii\framework\web\actions\CInlineAction.php(47): CInlineAction->runWithParamsInternal()
#12 D:\xampp\htdocs\yii\framework\web\CController.php(308): CInlineAction->runWithParams()
#13 D:\xampp\htdocs\yii\framework\web\filters\CFilterChain.php(133): DefaultController->runAction()
#14 D:\xampp\htdocs\yii\framework\web\filters\CFilter.php(40): CFilterChain->run()
#15 D:\xampp\htdocs\yii\framework\web\CController.php(1145): CAccessControlFilter->filter()
#16 D:\xampp\htdocs\yii\framework\web\filters\CInlineFilter.php(58): DefaultController->filterAccessControl()
#17 D:\xampp\htdocs\yii\framework\web\filters\CFilterChain.php(130): CInlineFilter->filter()
#18 D:\xampp\htdocs\yii\framework\web\CController.php(291): CFilterChain->run()
#19 D:\xampp\htdocs\yii\framework\web\CController.php(265): DefaultController->runActionWithFilters()
#20 D:\xampp\htdocs\yii\framework\web\CWebApplication.php(282): DefaultController->run()
#21 D:\xampp\htdocs\yii\framework\web\CWebApplication.php(141): CWebApplication->runController()
#22 D:\xampp\htdocs\yii\framework\base\CApplication.php(180): CWebApplication->processRequest()
#23 D:\xampp\htdocs\TaxConsulting\index.php(13): CWebApplication->run()
REQUEST_URI=/TaxConsulting/admin/userdefault/view?id=44
in D:\xampp\htdocs\TaxConsulting\protected\modules\admin\modules\user\views\default\view.php (54)
in D:\xampp\htdocs\TaxConsulting\protected\modules\admin\modules\user\controllers\DefaultController.php (55)
in D:\xampp\htdocs\TaxConsulting\index.php (13)
2014/06/16 16:56:25 [error] [php] Trying to get property of non-object (D:\xampp\htdocs\TaxConsulting\protected\models\Info.php:33)
Stack trace:
#0 D:\xampp\htdocs\TaxConsulting\protected\controllers\RssNotificationController.php(221): Info->insert()
#1 D:\xampp\htdocs\TaxConsulting\protected\controllers\RssNotificationController.php(236): RssNotificationController->getFeeds()
#2 D:\xampp\htdocs\yii\framework\web\CWebApplication.php(282): RssNotificationController->run()
#3 D:\xampp\htdocs\yii\framework\web\CWebApplication.php(141): CWebApplication->runController()
#4 D:\xampp\htdocs\yii\framework\base\CApplication.php(180): CWebApplication->processRequest()
#5 D:\xampp\htdocs\TaxConsulting\index.php(13): CWebApplication->run()
REQUEST_URI=/TaxConsulting/rssNotification/getFeeds
in D:\xampp\htdocs\TaxConsulting\protected\models\Info.php (33)
in D:\xampp\htdocs\TaxConsulting\protected\models\Info.php (58)
in D:\xampp\htdocs\TaxConsulting\protected\controllers\RssNotificationController.php (221)
2014/06/16 17:04:55 [error] [php] Trying to get property of non-object (D:\xampp\htdocs\TaxConsulting\protected\models\Info.php:33)
Stack trace:
#0 D:\xampp\htdocs\TaxConsulting\protected\controllers\RssNotificationController.php(221): Info->insert()
#1 D:\xampp\htdocs\TaxConsulting\protected\controllers\RssNotificationController.php(238): RssNotificationController->getFeeds()
#2 D:\xampp\htdocs\yii\framework\web\CWebApplication.php(282): RssNotificationController->run()
#3 D:\xampp\htdocs\yii\framework\web\CWebApplication.php(141): CWebApplication->runController()
#4 D:\xampp\htdocs\yii\framework\base\CApplication.php(180): CWebApplication->processRequest()
#5 D:\xampp\htdocs\TaxConsulting\index.php(13): CWebApplication->run()
REQUEST_URI=/TaxConsulting/rssNotification/getFeeds
in D:\xampp\htdocs\TaxConsulting\protected\models\Info.php (33)
in D:\xampp\htdocs\TaxConsulting\protected\models\Info.php (58)
in D:\xampp\htdocs\TaxConsulting\protected\controllers\RssNotificationController.php (221)
2014/06/16 17:08:16 [error] [php] Trying to get property of non-object (D:\xampp\htdocs\TaxConsulting\protected\models\Info.php:33)
Stack trace:
#0 D:\xampp\htdocs\yii\framework\db\ar\CActiveRecord.php(806): Info->insert()
#1 D:\xampp\htdocs\TaxConsulting\protected\controllers\RssNotificationController.php(221): Info->save()
#2 D:\xampp\htdocs\TaxConsulting\protected\controllers\RssNotificationController.php(236): RssNotificationController->getFeeds()
#3 D:\xampp\htdocs\yii\framework\web\CWebApplication.php(282): RssNotificationController->run()
#4 D:\xampp\htdocs\yii\framework\web\CWebApplication.php(141): CWebApplication->runController()
#5 D:\xampp\htdocs\yii\framework\base\CApplication.php(180): CWebApplication->processRequest()
#6 D:\xampp\htdocs\TaxConsulting\index.php(13): CWebApplication->run()
REQUEST_URI=/TaxConsulting/rssNotification/getFeeds
in D:\xampp\htdocs\TaxConsulting\protected\models\Info.php (33)
in D:\xampp\htdocs\TaxConsulting\protected\models\Info.php (58)
in D:\xampp\htdocs\TaxConsulting\protected\controllers\RssNotificationController.php (221)
2014/06/16 17:09:36 [error] [php] Trying to get property of non-object (D:\xampp\htdocs\TaxConsulting\protected\models\Info.php:33)
Stack trace:
#0 D:\xampp\htdocs\yii\framework\db\ar\CActiveRecord.php(806): Info->insert()
#1 D:\xampp\htdocs\TaxConsulting\protected\controllers\RssNotificationController.php(222): Info->save()
#2 D:\xampp\htdocs\TaxConsulting\protected\controllers\RssNotificationController.php(237): RssNotificationController->getFeeds()
#3 D:\xampp\htdocs\yii\framework\web\CWebApplication.php(282): RssNotificationController->run()
#4 D:\xampp\htdocs\yii\framework\web\CWebApplication.php(141): CWebApplication->runController()
#5 D:\xampp\htdocs\yii\framework\base\CApplication.php(180): CWebApplication->processRequest()
#6 D:\xampp\htdocs\TaxConsulting\index.php(13): CWebApplication->run()
REQUEST_URI=/TaxConsulting/rssNotification/getFeeds
in D:\xampp\htdocs\TaxConsulting\protected\models\Info.php (33)
in D:\xampp\htdocs\TaxConsulting\protected\models\Info.php (58)
in D:\xampp\htdocs\TaxConsulting\protected\controllers\RssNotificationController.php (222)
2014/06/16 17:11:03 [error] [php] Trying to get property of non-object (D:\xampp\htdocs\TaxConsulting\protected\models\Info.php:33)
Stack trace:
#0 D:\xampp\htdocs\yii\framework\db\ar\CActiveRecord.php(806): Info->insert()
#1 D:\xampp\htdocs\TaxConsulting\protected\controllers\RssNotificationController.php(222): Info->save()
#2 D:\xampp\htdocs\TaxConsulting\protected\controllers\RssNotificationController.php(237): RssNotificationController->getFeeds()
#3 D:\xampp\htdocs\yii\framework\web\CWebApplication.php(282): RssNotificationController->run()
#4 D:\xampp\htdocs\yii\framework\web\CWebApplication.php(141): CWebApplication->runController()
#5 D:\xampp\htdocs\yii\framework\base\CApplication.php(180): CWebApplication->processRequest()
#6 D:\xampp\htdocs\TaxConsulting\index.php(13): CWebApplication->run()
REQUEST_URI=/TaxConsulting/rssNotification/getFeeds
in D:\xampp\htdocs\TaxConsulting\protected\models\Info.php (33)
in D:\xampp\htdocs\TaxConsulting\protected\models\Info.php (58)
in D:\xampp\htdocs\TaxConsulting\protected\controllers\RssNotificationController.php (222)
2014/06/16 17:11:06 [error] [exception.CHttpException.404] exception 'CHttpException' with message 'Unable to resolve the request "addon.css".' in D:\xampp\htdocs\yii\framework\web\CWebApplication.php:286
Stack trace:
#0 D:\xampp\htdocs\yii\framework\web\CWebApplication.php(141): CWebApplication->runController('addon.css')
#1 D:\xampp\htdocs\yii\framework\base\CApplication.php(180): CWebApplication->processRequest()
#2 D:\xampp\htdocs\TaxConsulting\index.php(13): CApplication->run()
#3 {main}
REQUEST_URI=/TaxConsulting/addon.css
HTTP_REFERER=http://localhost/TaxConsulting/
---
2014/06/19 10:52:12 [error] [php] Trying to get property of non-object (D:\xampp\htdocs\TaxConsulting\protected\models\Info.php:36)
Stack trace:
#0 D:\xampp\htdocs\TaxConsulting\protected\controllers\RssNotificationController.php(222): Info->insert()
#1 D:\xampp\htdocs\TaxConsulting\protected\controllers\RssNotificationController.php(241): RssNotificationController->getFeeds()
#2 D:\xampp\htdocs\yii\framework\web\CWebApplication.php(282): RssNotificationController->run()
#3 D:\xampp\htdocs\yii\framework\web\CWebApplication.php(141): CWebApplication->runController()
#4 D:\xampp\htdocs\yii\framework\base\CApplication.php(180): CWebApplication->processRequest()
#5 D:\xampp\htdocs\TaxConsulting\index.php(13): CWebApplication->run()
REQUEST_URI=/TaxConsulting/rssNotification/getFeeds
in D:\xampp\htdocs\TaxConsulting\protected\models\Info.php (36)
in D:\xampp\htdocs\TaxConsulting\protected\models\Info.php (62)
in D:\xampp\htdocs\TaxConsulting\protected\controllers\RssNotificationController.php (222)
2014/06/19 10:52:30 [error] [php] Trying to get property of non-object (D:\xampp\htdocs\TaxConsulting\protected\models\Info.php:36)
Stack trace:
#0 D:\xampp\htdocs\TaxConsulting\protected\controllers\RssNotificationController.php(222): Info->insert()
#1 D:\xampp\htdocs\TaxConsulting\protected\controllers\RssNotificationController.php(241): RssNotificationController->getFeeds()
#2 D:\xampp\htdocs\yii\framework\web\CWebApplication.php(282): RssNotificationController->run()
#3 D:\xampp\htdocs\yii\framework\web\CWebApplication.php(141): CWebApplication->runController()
#4 D:\xampp\htdocs\yii\framework\base\CApplication.php(180): CWebApplication->processRequest()
#5 D:\xampp\htdocs\TaxConsulting\index.php(13): CWebApplication->run()
REQUEST_URI=/TaxConsulting/rssNotification/getFeeds
in D:\xampp\htdocs\TaxConsulting\protected\models\Info.php (36)
in D:\xampp\htdocs\TaxConsulting\protected\models\Info.php (62)
in D:\xampp\htdocs\TaxConsulting\protected\controllers\RssNotificationController.php (222)
2014/06/19 10:52:49 [error] [php] Trying to get property of non-object (D:\xampp\htdocs\TaxConsulting\protected\models\Info.php:36)
Stack trace:
#0 D:\xampp\htdocs\TaxConsulting\protected\controllers\RssNotificationController.php(222): Info->insert()
#1 D:\xampp\htdocs\TaxConsulting\protected\controllers\RssNotificationController.php(241): RssNotificationController->getFeeds()
#2 D:\xampp\htdocs\yii\framework\web\CWebApplication.php(282): RssNotificationController->run()
#3 D:\xampp\htdocs\yii\framework\web\CWebApplication.php(141): CWebApplication->runController()
#4 D:\xampp\htdocs\yii\framework\base\CApplication.php(180): CWebApplication->processRequest()
#5 D:\xampp\htdocs\TaxConsulting\index.php(13): CWebApplication->run()
REQUEST_URI=/TaxConsulting/rssNotification/getFeeds
in D:\xampp\htdocs\TaxConsulting\protected\models\Info.php (36)
in D:\xampp\htdocs\TaxConsulting\protected\models\Info.php (62)
in D:\xampp\htdocs\TaxConsulting\protected\controllers\RssNotificationController.php (222)
2014/06/19 10:54:06 [error] [php] Trying to get property of non-object (D:\xampp\htdocs\TaxConsulting\protected\models\Info.php:36)
Stack trace:
#0 D:\xampp\htdocs\TaxConsulting\protected\controllers\RssNotificationController.php(222): Info->insert()
#1 D:\xampp\htdocs\TaxConsulting\protected\controllers\RssNotificationController.php(241): RssNotificationController->getFeeds()
#2 D:\xampp\htdocs\yii\framework\web\CWebApplication.php(282): RssNotificationController->run()
#3 D:\xampp\htdocs\yii\framework\web\CWebApplication.php(141): CWebApplication->runController()
#4 D:\xampp\htdocs\yii\framework\base\CApplication.php(180): CWebApplication->processRequest()
#5 D:\xampp\htdocs\TaxConsulting\index.php(13): CWebApplication->run()
REQUEST_URI=/TaxConsulting/rssNotification/getFeeds
in D:\xampp\htdocs\TaxConsulting\protected\models\Info.php (36)
in D:\xampp\htdocs\TaxConsulting\protected\models\Info.php (62)
in D:\xampp\htdocs\TaxConsulting\protected\controllers\RssNotificationController.php (222)
2014/06/19 10:57:27 [error] [php] Trying to get property of non-object (D:\xampp\htdocs\TaxConsulting\protected\models\Info.php:36)
Stack trace:
#0 D:\xampp\htdocs\TaxConsulting\protected\controllers\RssNotificationController.php(222): Info->insert()
#1 D:\xampp\htdocs\TaxConsulting\protected\controllers\RssNotificationController.php(241): RssNotificationController->getFeeds()
#2 D:\xampp\htdocs\yii\framework\web\CWebApplication.php(282): RssNotificationController->run()
#3 D:\xampp\htdocs\yii\framework\web\CWebApplication.php(141): CWebApplication->runController()
#4 D:\xampp\htdocs\yii\framework\base\CApplication.php(180): CWebApplication->processRequest()
#5 D:\xampp\htdocs\TaxConsulting\index.php(13): CWebApplication->run()
REQUEST_URI=/TaxConsulting/rssNotification/getFeeds
in D:\xampp\htdocs\TaxConsulting\protected\models\Info.php (36)
in D:\xampp\htdocs\TaxConsulting\protected\models\Info.php (62)
in D:\xampp\htdocs\TaxConsulting\protected\controllers\RssNotificationController.php (222)
2014/06/19 11:00:59 [error] [php] Trying to get property of non-object (D:\xampp\htdocs\TaxConsulting\protected\controllers\RssNotificationController.php:210)
Stack trace:
#0 D:\xampp\htdocs\yii\framework\web\CWebApplication.php(141): CWebApplication->runController()
#1 D:\xampp\htdocs\yii\framework\base\CApplication.php(180): CWebApplication->processRequest()
#2 D:\xampp\htdocs\TaxConsulting\index.php(13): CWebApplication->run()
REQUEST_URI=/TaxConsulting/rssNotification/getFeeds
in D:\xampp\htdocs\TaxConsulting\protected\controllers\RssNotificationController.php (210)
in D:\xampp\htdocs\TaxConsulting\protected\controllers\RssNotificationController.php (241)
in D:\xampp\htdocs\TaxConsulting\index.php (13)
2014/06/19 11:01:28 [error] [php] Trying to get property of non-object (D:\xampp\htdocs\TaxConsulting\protected\controllers\RssNotificationController.php:210)
Stack trace:
#0 D:\xampp\htdocs\yii\framework\web\CWebApplication.php(141): CWebApplication->runController()
#1 D:\xampp\htdocs\yii\framework\base\CApplication.php(180): CWebApplication->processRequest()
#2 D:\xampp\htdocs\TaxConsulting\index.php(13): CWebApplication->run()
REQUEST_URI=/TaxConsulting/rssNotification/getFeeds
in D:\xampp\htdocs\TaxConsulting\protected\controllers\RssNotificationController.php (210)
in D:\xampp\htdocs\TaxConsulting\protected\controllers\RssNotificationController.php (241)
in D:\xampp\htdocs\TaxConsulting\index.php (13)
2014/06/19 11:02:33 [error] [php] Trying to get property of non-object (D:\xampp\htdocs\TaxConsulting\protected\models\Info.php:36)
Stack trace:
#0 D:\xampp\htdocs\TaxConsulting\protected\controllers\RssNotificationController.php(222): Info->insert()
#1 D:\xampp\htdocs\TaxConsulting\protected\controllers\RssNotificationController.php(241): RssNotificationController->getFeeds()
#2 D:\xampp\htdocs\yii\framework\web\CWebApplication.php(282): RssNotificationController->run()
#3 D:\xampp\htdocs\yii\framework\web\CWebApplication.php(141): CWebApplication->runController()
#4 D:\xampp\htdocs\yii\framework\base\CApplication.php(180): CWebApplication->processRequest()
#5 D:\xampp\htdocs\TaxConsulting\index.php(13): CWebApplication->run()
REQUEST_URI=/TaxConsulting/rssNotification/getFeeds
in D:\xampp\htdocs\TaxConsulting\protected\models\Info.php (36)
in D:\xampp\htdocs\TaxConsulting\protected\models\Info.php (62)
in D:\xampp\htdocs\TaxConsulting\protected\controllers\RssNotificationController.php (222)
2014/06/19 11:04:01 [error] [php] Trying to get property of non-object (D:\xampp\htdocs\TaxConsulting\protected\models\Info.php:36)
Stack trace:
#0 D:\xampp\htdocs\TaxConsulting\protected\controllers\RssNotificationController.php(222): Info->insert()
#1 D:\xampp\htdocs\TaxConsulting\protected\controllers\RssNotificationController.php(241): RssNotificationController->getFeeds()
#2 D:\xampp\htdocs\yii\framework\web\CWebApplication.php(282): RssNotificationController->run()
#3 D:\xampp\htdocs\yii\framework\web\CWebApplication.php(141): CWebApplication->runController()
#4 D:\xampp\htdocs\yii\framework\base\CApplication.php(180): CWebApplication->processRequest()
#5 D:\xampp\htdocs\TaxConsulting\index.php(13): CWebApplication->run()
REQUEST_URI=/TaxConsulting/rssNotification/getFeeds
in D:\xampp\htdocs\TaxConsulting\protected\models\Info.php (36)
in D:\xampp\htdocs\TaxConsulting\protected\models\Info.php (62)
in D:\xampp\htdocs\TaxConsulting\protected\controllers\RssNotificationController.php (222)
2014/06/19 11:04:59 [error] [php] Trying to get property of non-object (D:\xampp\htdocs\TaxConsulting\protected\models\Info.php:36)
Stack trace:
#0 D:\xampp\htdocs\TaxConsulting\protected\controllers\RssNotificationController.php(222): Info->insert()
#1 D:\xampp\htdocs\TaxConsulting\protected\controllers\RssNotificationController.php(241): RssNotificationController->getFeeds()
#2 D:\xampp\htdocs\yii\framework\web\CWebApplication.php(282): RssNotificationController->run()
#3 D:\xampp\htdocs\yii\framework\web\CWebApplication.php(141): CWebApplication->runController()
#4 D:\xampp\htdocs\yii\framework\base\CApplication.php(180): CWebApplication->processRequest()
#5 D:\xampp\htdocs\TaxConsulting\index.php(13): CWebApplication->run()
REQUEST_URI=/TaxConsulting/rssNotification/getFeeds
in D:\xampp\htdocs\TaxConsulting\protected\models\Info.php (36)
in D:\xampp\htdocs\TaxConsulting\protected\models\Info.php (62)
in D:\xampp\htdocs\TaxConsulting\protected\controllers\RssNotificationController.php (222)
2014/06/19 11:05:56 [error] [system.db.CDbCommand] CDbCommand::execute() failed: SQLSTATE[23000]: Integrity constraint violation: 1452 Cannot add or update a child row: a foreign key constraint fails (`taxconsulting`.`info`, CONSTRAINT `FK_info_company_id` FOREIGN KEY (`company_id`) REFERENCES `company` (`id`) ON DELETE CASCADE ON UPDATE CASCADE). The SQL statement executed was: INSERT INTO `info` (`appointment_status`, `user_id`, `access_level_id`, `info_type_id`, `title`, `content`, `date_create`) VALUES (:yp0, :yp1, :yp2, :yp3, :yp4, :yp5, :yp6).
in D:\xampp\htdocs\TaxConsulting\protected\controllers\RssNotificationController.php (222)
in D:\xampp\htdocs\TaxConsulting\protected\controllers\RssNotificationController.php (241)
in D:\xampp\htdocs\TaxConsulting\index.php (13)
2014/06/19 11:05:56 [error] [exception.CDbException] exception 'CDbException' with message 'CDbCommand failed to execute the SQL statement: SQLSTATE[23000]: Integrity constraint violation: 1452 Cannot add or update a child row: a foreign key constraint fails (`taxconsulting`.`info`, CONSTRAINT `FK_info_company_id` FOREIGN KEY (`company_id`) REFERENCES `company` (`id`) ON DELETE CASCADE ON UPDATE CASCADE). The SQL statement executed was: INSERT INTO `info` (`appointment_status`, `user_id`, `access_level_id`, `info_type_id`, `title`, `content`, `date_create`) VALUES (:yp0, :yp1, :yp2, :yp3, :yp4, :yp5, :yp6)' in D:\xampp\htdocs\yii\framework\db\CDbCommand.php:358
Stack trace:
#0 D:\xampp\htdocs\yii\framework\db\ar\CActiveRecord.php(1077): CDbCommand->execute()
#1 D:\xampp\htdocs\TaxConsulting\protected\controllers\RssNotificationController.php(222): CActiveRecord->insert()
#2 D:\xampp\htdocs\TaxConsulting\protected\controllers\RssNotificationController.php(241): RssNotificationController->getFeeds()
#3 D:\xampp\htdocs\yii\framework\web\CWebApplication.php(282): RssNotificationController->run('getfeeds')
#4 D:\xampp\htdocs\yii\framework\web\CWebApplication.php(141): CWebApplication->runController('rssNotification...')
#5 D:\xampp\htdocs\yii\framework\base\CApplication.php(180): CWebApplication->processRequest()
#6 D:\xampp\htdocs\TaxConsulting\index.php(13): CApplication->run()
#7 {main}
REQUEST_URI=/TaxConsulting/rssNotification/getFeeds
HTTP_REFERER=http://localhost/TaxConsulting/
---
2014/06/19 11:07:19 [error] [system.db.CDbCommand] CDbCommand::execute() failed: SQLSTATE[23000]: Integrity constraint violation: 1452 Cannot add or update a child row: a foreign key constraint fails (`taxconsulting`.`info`, CONSTRAINT `FK_info_company` FOREIGN KEY (`company_id`) REFERENCES `company` (`id`) ON DELETE CASCADE ON UPDATE CASCADE). The SQL statement executed was: INSERT INTO `info` (`appointment_status`, `user_id`, `access_level_id`, `info_type_id`, `title`, `content`, `date_create`) VALUES (:yp0, :yp1, :yp2, :yp3, :yp4, :yp5, :yp6).
in D:\xampp\htdocs\TaxConsulting\protected\controllers\RssNotificationController.php (222)
in D:\xampp\htdocs\TaxConsulting\protected\controllers\RssNotificationController.php (241)
in D:\xampp\htdocs\TaxConsulting\index.php (13)
2014/06/19 11:07:19 [error] [exception.CDbException] exception 'CDbException' with message 'CDbCommand failed to execute the SQL statement: SQLSTATE[23000]: Integrity constraint violation: 1452 Cannot add or update a child row: a foreign key constraint fails (`taxconsulting`.`info`, CONSTRAINT `FK_info_company` FOREIGN KEY (`company_id`) REFERENCES `company` (`id`) ON DELETE CASCADE ON UPDATE CASCADE). The SQL statement executed was: INSERT INTO `info` (`appointment_status`, `user_id`, `access_level_id`, `info_type_id`, `title`, `content`, `date_create`) VALUES (:yp0, :yp1, :yp2, :yp3, :yp4, :yp5, :yp6)' in D:\xampp\htdocs\yii\framework\db\CDbCommand.php:358
Stack trace:
#0 D:\xampp\htdocs\yii\framework\db\ar\CActiveRecord.php(1077): CDbCommand->execute()
#1 D:\xampp\htdocs\TaxConsulting\protected\controllers\RssNotificationController.php(222): CActiveRecord->insert()
#2 D:\xampp\htdocs\TaxConsulting\protected\controllers\RssNotificationController.php(241): RssNotificationController->getFeeds()
#3 D:\xampp\htdocs\yii\framework\web\CWebApplication.php(282): RssNotificationController->run('getfeeds')
#4 D:\xampp\htdocs\yii\framework\web\CWebApplication.php(141): CWebApplication->runController('rssNotification...')
#5 D:\xampp\htdocs\yii\framework\base\CApplication.php(180): CWebApplication->processRequest()
#6 D:\xampp\htdocs\TaxConsulting\index.php(13): CApplication->run()
#7 {main}
REQUEST_URI=/TaxConsulting/rssNotification/getFeeds
HTTP_REFERER=http://localhost/TaxConsulting/
---
2014/06/19 11:12:56 [error] [system.db.CDbCommand] CDbCommand::execute() failed: SQLSTATE[23000]: Integrity constraint violation: 1452 Cannot add or update a child row: a foreign key constraint fails (`taxconsulting`.`info`, CONSTRAINT `FK_info_company` FOREIGN KEY (`company_id`) REFERENCES `company` (`id`) ON DELETE CASCADE ON UPDATE CASCADE). The SQL statement executed was: INSERT INTO `info` (`appointment_status`, `user_id`, `access_level_id`, `info_type_id`, `title`, `content`, `date_create`) VALUES (:yp0, :yp1, :yp2, :yp3, :yp4, :yp5, :yp6).
in D:\xampp\htdocs\TaxConsulting\protected\controllers\RssNotificationController.php (222)
in D:\xampp\htdocs\TaxConsulting\protected\controllers\RssNotificationController.php (241)
in D:\xampp\htdocs\TaxConsulting\index.php (13)
2014/06/19 11:12:56 [error] [exception.CDbException] exception 'CDbException' with message 'CDbCommand failed to execute the SQL statement: SQLSTATE[23000]: Integrity constraint violation: 1452 Cannot add or update a child row: a foreign key constraint fails (`taxconsulting`.`info`, CONSTRAINT `FK_info_company` FOREIGN KEY (`company_id`) REFERENCES `company` (`id`) ON DELETE CASCADE ON UPDATE CASCADE). The SQL statement executed was: INSERT INTO `info` (`appointment_status`, `user_id`, `access_level_id`, `info_type_id`, `title`, `content`, `date_create`) VALUES (:yp0, :yp1, :yp2, :yp3, :yp4, :yp5, :yp6)' in D:\xampp\htdocs\yii\framework\db\CDbCommand.php:358
Stack trace:
#0 D:\xampp\htdocs\yii\framework\db\ar\CActiveRecord.php(1077): CDbCommand->execute()
#1 D:\xampp\htdocs\TaxConsulting\protected\controllers\RssNotificationController.php(222): CActiveRecord->insert()
#2 D:\xampp\htdocs\TaxConsulting\protected\controllers\RssNotificationController.php(241): RssNotificationController->getFeeds()
#3 D:\xampp\htdocs\yii\framework\web\CWebApplication.php(282): RssNotificationController->run('getfeeds')
#4 D:\xampp\htdocs\yii\framework\web\CWebApplication.php(141): CWebApplication->runController('rssNotification...')
#5 D:\xampp\htdocs\yii\framework\base\CApplication.php(180): CWebApplication->processRequest()
#6 D:\xampp\htdocs\TaxConsulting\index.php(13): CApplication->run()
#7 {main}
REQUEST_URI=/TaxConsulting/rssNotification/getFeeds
HTTP_REFERER=http://localhost/TaxConsulting/
---
2014/06/19 11:14:08 [error] [system.db.CDbCommand] CDbCommand::execute() failed: SQLSTATE[23000]: Integrity constraint violation: 1452 Cannot add or update a child row: a foreign key constraint fails (`taxconsulting`.`info`, CONSTRAINT `FK_info_company_id` FOREIGN KEY (`company_id`) REFERENCES `company` (`id`) ON DELETE CASCADE ON UPDATE CASCADE). The SQL statement executed was: INSERT INTO `info` (`appointment_status`, `user_id`, `title`, `content`, `access_level_id`, `date_create`, `info_type_id`) VALUES (:yp0, :yp1, :yp2, :yp3, :yp4, now(), :yp5).
in D:\xampp\htdocs\TaxConsulting\protected\modules\manager\modules\info\controllers\DefaultController.php (385)
in D:\xampp\htdocs\TaxConsulting\index.php (13)
2014/06/19 11:14:08 [error] [exception.CDbException] exception 'CDbException' with message 'CDbCommand failed to execute the SQL statement: SQLSTATE[23000]: Integrity constraint violation: 1452 Cannot add or update a child row: a foreign key constraint fails (`taxconsulting`.`info`, CONSTRAINT `FK_info_company_id` FOREIGN KEY (`company_id`) REFERENCES `company` (`id`) ON DELETE CASCADE ON UPDATE CASCADE). The SQL statement executed was: INSERT INTO `info` (`appointment_status`, `user_id`, `title`, `content`, `access_level_id`, `date_create`, `info_type_id`) VALUES (:yp0, :yp1, :yp2, :yp3, :yp4, now(), :yp5)' in D:\xampp\htdocs\yii\framework\db\CDbCommand.php:358
Stack trace:
#0 D:\xampp\htdocs\yii\framework\db\ar\CActiveRecord.php(1077): CDbCommand->execute()
#1 D:\xampp\htdocs\yii\framework\db\ar\CActiveRecord.php(806): CActiveRecord->insert(NULL)
#2 D:\xampp\htdocs\TaxConsulting\protected\modules\manager\modules\info\controllers\DefaultController.php(385): CActiveRecord->save()
#3 D:\xampp\htdocs\yii\framework\web\actions\CInlineAction.php(49): DefaultController->actionNoticeCreate()
#4 D:\xampp\htdocs\yii\framework\web\CController.php(308): CInlineAction->runWithParams(Array)
#5 D:\xampp\htdocs\yii\framework\web\filters\CFilterChain.php(133): CController->runAction(Object(CInlineAction))
#6 D:\xampp\htdocs\yii\framework\web\filters\CFilter.php(40): CFilterChain->run()
#7 D:\xampp\htdocs\yii\framework\web\CController.php(1145): CFilter->filter(Object(CFilterChain))
#8 D:\xampp\htdocs\yii\framework\web\filters\CInlineFilter.php(58): CController->filterAccessControl(Object(CFilterChain))
#9 D:\xampp\htdocs\yii\framework\web\filters\CFilterChain.php(130): CInlineFilter->filter(Object(CFilterChain))
#10 D:\xampp\htdocs\yii\framework\web\CController.php(291): CFilterChain->run()
#11 D:\xampp\htdocs\yii\framework\web\CController.php(265): CController->runActionWithFilters(Object(CInlineAction), Array)
#12 D:\xampp\htdocs\yii\framework\web\CWebApplication.php(282): CController->run('noticecreate')
#13 D:\xampp\htdocs\yii\framework\web\CWebApplication.php(141): CWebApplication->runController('manager/info/de...')
#14 D:\xampp\htdocs\yii\framework\base\CApplication.php(180): CWebApplication->processRequest()
#15 D:\xampp\htdocs\TaxConsulting\index.php(13): CApplication->run()
#16 {main}
REQUEST_URI=/TaxConsulting/manager/infodefault/noticeCreate
HTTP_REFERER=http://localhost/TaxConsulting/manager/infodefault/noticeCreate
---
2014/06/19 11:24:34 [error] [exception.CException] exception 'CException' with message 'Property "TbButton.context" is not defined.' in D:\xampp\htdocs\yii\framework\base\CComponent.php:173
Stack trace:
#0 D:\xampp\htdocs\yii\framework\web\CWidgetFactory.php(161): CComponent->__set('context', 'primary')
#1 D:\xampp\htdocs\yii\framework\web\CBaseController.php(146): CWidgetFactory->createWidget(Object(DefaultController), 'booster.widgets...', Array)
#2 D:\xampp\htdocs\yii\framework\web\CBaseController.php(172): CBaseController->createWidget('booster.widgets...', Array)
#3 D:\xampp\htdocs\TaxConsulting\protected\modules\manager\modules\info\views\default\_search.php(74): CBaseController->widget('booster.widgets...', Array)
#4 D:\xampp\htdocs\yii\framework\web\CBaseController.php(126): require('D:\\xampp\\htdocs...')
#5 D:\xampp\htdocs\yii\framework\web\CBaseController.php(95): CBaseController->renderInternal('D:\\xampp\\htdocs...', Array, true)
#6 D:\xampp\htdocs\yii\framework\web\CController.php(869): CBaseController->renderFile('D:\\xampp\\htdocs...', Array, true)
#7 D:\xampp\htdocs\TaxConsulting\protected\modules\manager\modules\info\views\default\notice.php(44): CController->renderPartial('_search', Array)
#8 D:\xampp\htdocs\yii\framework\web\CBaseController.php(126): require('D:\\xampp\\htdocs...')
#9 D:\xampp\htdocs\yii\framework\web\CBaseController.php(95): CBaseController->renderInternal('D:\\xampp\\htdocs...', Array, true)
#10 D:\xampp\htdocs\yii\framework\web\CController.php(869): CBaseController->renderFile('D:\\xampp\\htdocs...', Array, true)
#11 D:\xampp\htdocs\yii\framework\web\CController.php(782): CController->renderPartial('notice', Array, true)
#12 D:\xampp\htdocs\TaxConsulting\protected\modules\manager\modules\info\controllers\DefaultController.php(371): CController->render('notice', Array)
#13 D:\xampp\htdocs\yii\framework\web\actions\CInlineAction.php(49): DefaultController->actionNotice()
#14 D:\xampp\htdocs\yii\framework\web\CController.php(308): CInlineAction->runWithParams(Array)
#15 D:\xampp\htdocs\yii\framework\web\filters\CFilterChain.php(133): CController->runAction(Object(CInlineAction))
#16 D:\xampp\htdocs\yii\framework\web\filters\CFilter.php(40): CFilterChain->run()
#17 D:\xampp\htdocs\yii\framework\web\CController.php(1145): CFilter->filter(Object(CFilterChain))
#18 D:\xampp\htdocs\yii\framework\web\filters\CInlineFilter.php(58): CController->filterAccessControl(Object(CFilterChain))
#19 D:\xampp\htdocs\yii\framework\web\filters\CFilterChain.php(130): CInlineFilter->filter(Object(CFilterChain))
#20 D:\xampp\htdocs\yii\framework\web\CController.php(291): CFilterChain->run()
#21 D:\xampp\htdocs\yii\framework\web\CController.php(265): CController->runActionWithFilters(Object(CInlineAction), Array)
#22 D:\xampp\htdocs\yii\framework\web\CWebApplication.php(282): CController->run('notice')
#23 D:\xampp\htdocs\yii\framework\web\CWebApplication.php(141): CWebApplication->runController('manager/info/de...')
#24 D:\xampp\htdocs\yii\framework\base\CApplication.php(180): CWebApplication->processRequest()
#25 D:\xampp\htdocs\TaxConsulting\index.php(13): CApplication->run()
#26 {main}
REQUEST_URI=/TaxConsulting/manager/infodefault/notice
HTTP_REFERER=http://localhost/TaxConsulting/site
---
2014/06/19 11:51:48 [error] [exception.CException] exception 'CException' with message 'Property "TbButton.type" is not defined.' in D:\xampp\htdocs\yii\framework\base\CComponent.php:173
Stack trace:
#0 D:\xampp\htdocs\yii\framework\web\CWidgetFactory.php(161): CComponent->__set('type', 'danger')
#1 D:\xampp\htdocs\yii\framework\web\CBaseController.php(146): CWidgetFactory->createWidget(Object(SiteController), 'booster.widgets...', Array)
#2 D:\xampp\htdocs\yii\framework\web\CBaseController.php(172): CBaseController->createWidget('booster.widgets...', Array)
#3 D:\xampp\htdocs\TaxConsulting\protected\views\site\index.php(49): CBaseController->widget('booster.widgets...', Array)
#4 D:\xampp\htdocs\yii\framework\web\CBaseController.php(126): require('D:\\xampp\\htdocs...')
#5 D:\xampp\htdocs\yii\framework\web\CBaseController.php(95): CBaseController->renderInternal('D:\\xampp\\htdocs...', NULL, true)
#6 D:\xampp\htdocs\yii\framework\web\CController.php(869): CBaseController->renderFile('D:\\xampp\\htdocs...', NULL, true)
#7 D:\xampp\htdocs\yii\framework\web\CController.php(782): CController->renderPartial('index', NULL, true)
#8 D:\xampp\htdocs\TaxConsulting\protected\controllers\SiteController.php(33): CController->render('index')
#9 D:\xampp\htdocs\yii\framework\web\actions\CInlineAction.php(49): SiteController->actionIndex()
#10 D:\xampp\htdocs\yii\framework\web\CController.php(308): CInlineAction->runWithParams(Array)
#11 D:\xampp\htdocs\yii\framework\web\CController.php(286): CController->runAction(Object(CInlineAction))
#12 D:\xampp\htdocs\yii\framework\web\CController.php(265): CController->runActionWithFilters(Object(CInlineAction), Array)
#13 D:\xampp\htdocs\yii\framework\web\CWebApplication.php(282): CController->run('')
#14 D:\xampp\htdocs\yii\framework\web\CWebApplication.php(141): CWebApplication->runController('site')
#15 D:\xampp\htdocs\yii\framework\base\CApplication.php(180): CWebApplication->processRequest()
#16 D:\xampp\htdocs\TaxConsulting\index.php(13): CApplication->run()
#17 {main}
REQUEST_URI=/TaxConsulting/site
HTTP_REFERER=http://localhost/TaxConsulting/manager/infodefault/notice
---
2014/06/19 11:51:55 [error] [exception.CException] exception 'CException' with message 'Property "TbButton.type" is not defined.' in D:\xampp\htdocs\yii\framework\base\CComponent.php:173
Stack trace:
#0 D:\xampp\htdocs\yii\framework\web\CWidgetFactory.php(161): CComponent->__set('type', 'danger')
#1 D:\xampp\htdocs\yii\framework\web\CBaseController.php(146): CWidgetFactory->createWidget(Object(SiteController), 'booster.widgets...', Array)
#2 D:\xampp\htdocs\yii\framework\web\CBaseController.php(172): CBaseController->createWidget('booster.widgets...', Array)
#3 D:\xampp\htdocs\TaxConsulting\protected\views\site\index.php(49): CBaseController->widget('booster.widgets...', Array)
#4 D:\xampp\htdocs\yii\framework\web\CBaseController.php(126): require('D:\\xampp\\htdocs...')
#5 D:\xampp\htdocs\yii\framework\web\CBaseController.php(95): CBaseController->renderInternal('D:\\xampp\\htdocs...', NULL, true)
#6 D:\xampp\htdocs\yii\framework\web\CController.php(869): CBaseController->renderFile('D:\\xampp\\htdocs...', NULL, true)
#7 D:\xampp\htdocs\yii\framework\web\CController.php(782): CController->renderPartial('index', NULL, true)
#8 D:\xampp\htdocs\TaxConsulting\protected\controllers\SiteController.php(33): CController->render('index')
#9 D:\xampp\htdocs\yii\framework\web\actions\CInlineAction.php(49): SiteController->actionIndex()
#10 D:\xampp\htdocs\yii\framework\web\CController.php(308): CInlineAction->runWithParams(Array)
#11 D:\xampp\htdocs\yii\framework\web\CController.php(286): CController->runAction(Object(CInlineAction))
#12 D:\xampp\htdocs\yii\framework\web\CController.php(265): CController->runActionWithFilters(Object(CInlineAction), Array)
#13 D:\xampp\htdocs\yii\framework\web\CWebApplication.php(282): CController->run('')
#14 D:\xampp\htdocs\yii\framework\web\CWebApplication.php(141): CWebApplication->runController('site')
#15 D:\xampp\htdocs\yii\framework\base\CApplication.php(180): CWebApplication->processRequest()
#16 D:\xampp\htdocs\TaxConsulting\index.php(13): CApplication->run()
#17 {main}
REQUEST_URI=/TaxConsulting/site
---
2014/06/19 11:51:56 [error] [exception.CException] exception 'CException' with message 'Property "TbButton.type" is not defined.' in D:\xampp\htdocs\yii\framework\base\CComponent.php:173
Stack trace:
#0 D:\xampp\htdocs\yii\framework\web\CWidgetFactory.php(161): CComponent->__set('type', 'danger')
#1 D:\xampp\htdocs\yii\framework\web\CBaseController.php(146): CWidgetFactory->createWidget(Object(SiteController), 'booster.widgets...', Array)
#2 D:\xampp\htdocs\yii\framework\web\CBaseController.php(172): CBaseController->createWidget('booster.widgets...', Array)
#3 D:\xampp\htdocs\TaxConsulting\protected\views\site\index.php(49): CBaseController->widget('booster.widgets...', Array)
#4 D:\xampp\htdocs\yii\framework\web\CBaseController.php(126): require('D:\\xampp\\htdocs...')
#5 D:\xampp\htdocs\yii\framework\web\CBaseController.php(95): CBaseController->renderInternal('D:\\xampp\\htdocs...', NULL, true)
#6 D:\xampp\htdocs\yii\framework\web\CController.php(869): CBaseController->renderFile('D:\\xampp\\htdocs...', NULL, true)
#7 D:\xampp\htdocs\yii\framework\web\CController.php(782): CController->renderPartial('index', NULL, true)
#8 D:\xampp\htdocs\TaxConsulting\protected\controllers\SiteController.php(33): CController->render('index')
#9 D:\xampp\htdocs\yii\framework\web\actions\CInlineAction.php(49): SiteController->actionIndex()
#10 D:\xampp\htdocs\yii\framework\web\CController.php(308): CInlineAction->runWithParams(Array)
#11 D:\xampp\htdocs\yii\framework\web\CController.php(286): CController->runAction(Object(CInlineAction))
#12 D:\xampp\htdocs\yii\framework\web\CController.php(265): CController->runActionWithFilters(Object(CInlineAction), Array)
#13 D:\xampp\htdocs\yii\framework\web\CWebApplication.php(282): CController->run('')
#14 D:\xampp\htdocs\yii\framework\web\CWebApplication.php(141): CWebApplication->runController('site')
#15 D:\xampp\htdocs\yii\framework\base\CApplication.php(180): CWebApplication->processRequest()
#16 D:\xampp\htdocs\TaxConsulting\index.php(13): CApplication->run()
#17 {main}
REQUEST_URI=/TaxConsulting/site
---
2014/06/19 13:19:00 [error] [php] Undefined variable: activedAdminHospitals (D:\xampp\htdocs\TaxConsulting\protected\views\layouts\main.php:184)
Stack trace:
#0 D:\xampp\htdocs\yii\framework\web\widgets\CContentDecorator.php(76): SiteController->renderFile()
#1 D:\xampp\htdocs\yii\framework\web\widgets\CContentDecorator.php(54): CContentDecorator->decorate()
#2 D:\xampp\htdocs\yii\framework\web\widgets\COutputProcessor.php(44): CContentDecorator->processOutput()
#3 D:\xampp\htdocs\yii\framework\web\CBaseController.php(206): CContentDecorator->run()
#4 D:\xampp\htdocs\yii\framework\web\CBaseController.php(300): SiteController->endWidget()
#5 D:\xampp\htdocs\TaxConsulting\protected\views\layouts\column1.php(6): SiteController->endContent()
#6 D:\xampp\htdocs\yii\framework\web\CBaseController.php(126): require()
#7 D:\xampp\htdocs\yii\framework\web\CBaseController.php(95): SiteController->renderInternal()
#8 D:\xampp\htdocs\yii\framework\web\CController.php(784): SiteController->renderFile()
#9 D:\xampp\htdocs\TaxConsulting\protected\controllers\SiteController.php(33): SiteController->render()
#10 D:\xampp\htdocs\yii\framework\web\actions\CInlineAction.php(49): SiteController->actionIndex()
#11 D:\xampp\htdocs\yii\framework\web\CController.php(308): CInlineAction->runWithParams()
#12 D:\xampp\htdocs\yii\framework\web\CController.php(286): SiteController->runAction()
#13 D:\xampp\htdocs\yii\framework\web\CController.php(265): SiteController->runActionWithFilters()
#14 D:\xampp\htdocs\yii\framework\web\CWebApplication.php(282): SiteController->run()
#15 D:\xampp\htdocs\yii\framework\web\CWebApplication.php(141): CWebApplication->runController()
#16 D:\xampp\htdocs\yii\framework\base\CApplication.php(180): CWebApplication->processRequest()
#17 D:\xampp\htdocs\TaxConsulting\index.php(13): CWebApplication->run()
REQUEST_URI=/TaxConsulting/site
in D:\xampp\htdocs\TaxConsulting\protected\views\layouts\main.php (184)
in D:\xampp\htdocs\TaxConsulting\protected\views\layouts\column1.php (6)
in D:\xampp\htdocs\TaxConsulting\protected\controllers\SiteController.php (33)
2014/06/19 13:25:13 [error] [exception.CException] exception 'CException' with message 'User and its behaviors do not have a method or closure named "getHospitalUsers".' in D:\xampp\htdocs\yii\framework\base\CComponent.php:266
Stack trace:
#0 D:\xampp\htdocs\yii\framework\db\ar\CActiveRecord.php(227): CComponent->__call('getHospitalUser...', Array)
#1 D:\xampp\htdocs\TaxConsulting\protected\modules\manager\modules\user\views\default\admin.php(49): CActiveRecord->__call('getHospitalUser...', Array)
#2 D:\xampp\htdocs\TaxConsulting\protected\modules\manager\modules\user\views\default\admin.php(49): User->getHospitalUsers()
#3 D:\xampp\htdocs\yii\framework\web\CBaseController.php(126): require('D:\\xampp\\htdocs...')
#4 D:\xampp\htdocs\yii\framework\web\CBaseController.php(95): CBaseController->renderInternal('D:\\xampp\\htdocs...', Array, true)
#5 D:\xampp\htdocs\yii\framework\web\CController.php(869): CBaseController->renderFile('D:\\xampp\\htdocs...', Array, true)
#6 D:\xampp\htdocs\yii\framework\web\CController.php(782): CController->renderPartial('admin', Array, true)
#7 D:\xampp\htdocs\TaxConsulting\protected\modules\manager\modules\user\controllers\DefaultController.php(152): CController->render('admin', Array)
#8 D:\xampp\htdocs\yii\framework\web\actions\CInlineAction.php(49): DefaultController->actionAdmin()
#9 D:\xampp\htdocs\yii\framework\web\CController.php(308): CInlineAction->runWithParams(Array)
#10 D:\xampp\htdocs\yii\framework\web\filters\CFilterChain.php(133): CController->runAction(Object(CInlineAction))
#11 D:\xampp\htdocs\yii\framework\web\filters\CFilter.php(40): CFilterChain->run()
#12 D:\xampp\htdocs\yii\framework\web\CController.php(1145): CFilter->filter(Object(CFilterChain))
#13 D:\xampp\htdocs\yii\framework\web\filters\CInlineFilter.php(58): CController->filterAccessControl(Object(CFilterChain))
#14 D:\xampp\htdocs\yii\framework\web\filters\CFilterChain.php(130): CInlineFilter->filter(Object(CFilterChain))
#15 D:\xampp\htdocs\yii\framework\web\CController.php(291): CFilterChain->run()
#16 D:\xampp\htdocs\yii\framework\web\CController.php(265): CController->runActionWithFilters(Object(CInlineAction), Array)
#17 D:\xampp\htdocs\yii\framework\web\CWebApplication.php(282): CController->run('admin')
#18 D:\xampp\htdocs\yii\framework\web\CWebApplication.php(141): CWebApplication->runController('manager/user/de...')
#19 D:\xampp\htdocs\yii\framework\base\CApplication.php(180): CWebApplication->processRequest()
#20 D:\xampp\htdocs\TaxConsulting\index.php(13): CApplication->run()
#21 {main}
REQUEST_URI=/TaxConsulting/manager/user/default/admin
HTTP_REFERER=http://localhost/TaxConsulting/manager/infodefault/advanceManage
---
2014/06/19 13:41:07 [error] [exception.CHttpException.404] exception 'CHttpException' with message 'Unable to resolve the request "admin/hospital".' in D:\xampp\htdocs\yii\framework\web\CWebApplication.php:286
Stack trace:
#0 D:\xampp\htdocs\yii\framework\web\CWebApplication.php(141): CWebApplication->runController('admin/hospital')
#1 D:\xampp\htdocs\yii\framework\base\CApplication.php(180): CWebApplication->processRequest()
#2 D:\xampp\htdocs\TaxConsulting\index.php(13): CApplication->run()
#3 {main}
REQUEST_URI=/TaxConsulting/admin/hospital
HTTP_REFERER=http://localhost/TaxConsulting/admin/logevent
---
2014/06/19 13:41:38 [error] [exception.CHttpException.404] exception 'CHttpException' with message 'Unable to resolve the request "admin/hospital".' in D:\xampp\htdocs\yii\framework\web\CWebApplication.php:286
Stack trace:
#0 D:\xampp\htdocs\yii\framework\web\CWebApplication.php(141): CWebApplication->runController('admin/hospital')
#1 D:\xampp\htdocs\yii\framework\base\CApplication.php(180): CWebApplication->processRequest()
#2 D:\xampp\htdocs\TaxConsulting\index.php(13): CApplication->run()
#3 {main}
REQUEST_URI=/TaxConsulting/admin/hospital
HTTP_REFERER=http://localhost/TaxConsulting/admin/logevent
---
2014/06/20 11:29:13 [error] [php] Trying to get property of non-object (D:\xampp\htdocs\TaxConsulting\protected\models\User.php:51)
Stack trace:
#0 D:\xampp\htdocs\TaxConsulting\protected\controllers\api\UserController.php(209): User->insert()
#1 D:\xampp\htdocs\yii\framework\web\actions\CInlineAction.php(49): UserController->actionRegisterUser()
#2 D:\xampp\htdocs\yii\framework\web\CController.php(308): CInlineAction->runWithParams()
#3 D:\xampp\htdocs\yii\framework\web\CController.php(286): UserController->runAction()
#4 D:\xampp\htdocs\yii\framework\web\CController.php(265): UserController->runActionWithFilters()
#5 D:\xampp\htdocs\yii\framework\web\CWebApplication.php(282): UserController->run()
#6 D:\xampp\htdocs\yii\framework\web\CWebApplication.php(141): CWebApplication->runController()
#7 D:\xampp\htdocs\yii\framework\base\CApplication.php(180): CWebApplication->processRequest()
#8 D:\xampp\htdocs\TaxConsulting\index.php(13): CWebApplication->run()
REQUEST_URI=/TaxConsulting/api/user/registeruser
in D:\xampp\htdocs\TaxConsulting\protected\models\User.php (51)
in D:\xampp\htdocs\TaxConsulting\protected\models\User.php (70)
in D:\xampp\htdocs\TaxConsulting\protected\controllers\api\UserController.php (209)
2014/06/20 11:49:15 [error] [php] Object of class User could not be converted to string (D:\xampp\htdocs\yii\framework\web\helpers\CHtml.php:2019)
Stack trace:
#0 D:\xampp\htdocs\yii\framework\web\CBaseController.php(126): require()
#1 D:\xampp\htdocs\yii\framework\web\CBaseController.php(95): DefaultController->renderInternal()
#2 D:\xampp\htdocs\yii\framework\web\CController.php(869): DefaultController->renderFile()
#3 D:\xampp\htdocs\TaxConsulting\protected\modules\manager\modules\info\views\default\appointment_create.php(19): DefaultController->renderPartial()
#4 D:\xampp\htdocs\yii\framework\web\CBaseController.php(126): require()
#5 D:\xampp\htdocs\yii\framework\web\CBaseController.php(95): DefaultController->renderInternal()
#6 D:\xampp\htdocs\yii\framework\web\CController.php(869): DefaultController->renderFile()
#7 D:\xampp\htdocs\yii\framework\web\CController.php(782): DefaultController->renderPartial()
#8 D:\xampp\htdocs\TaxConsulting\protected\modules\manager\modules\info\controllers\DefaultController.php(483): DefaultController->render()
#9 D:\xampp\htdocs\yii\framework\web\actions\CInlineAction.php(49): DefaultController->actionAppointmentCreate()
#10 D:\xampp\htdocs\yii\framework\web\CController.php(308): CInlineAction->runWithParams()
#11 D:\xampp\htdocs\yii\framework\web\filters\CFilterChain.php(133): DefaultController->runAction()
#12 D:\xampp\htdocs\yii\framework\web\filters\CFilter.php(40): CFilterChain->run()
#13 D:\xampp\htdocs\yii\framework\web\CController.php(1145): CAccessControlFilter->filter()
#14 D:\xampp\htdocs\yii\framework\web\filters\CInlineFilter.php(58): DefaultController->filterAccessControl()
#15 D:\xampp\htdocs\yii\framework\web\filters\CFilterChain.php(130): CInlineFilter->filter()
#16 D:\xampp\htdocs\yii\framework\web\CController.php(291): CFilterChain->run()
#17 D:\xampp\htdocs\yii\framework\web\CController.php(265): DefaultController->runActionWithFilters()
#18 D:\xampp\htdocs\yii\framework\web\CWebApplication.php(282): DefaultController->run()
#19 D:\xampp\htdocs\yii\framework\web\CWebApplication.php(141): CWebApplication->runController()
#20 D:\xampp\htdocs\yii\framework\base\CApplication.php(180): CWebApplication->processRequest()
#21 D:\xampp\htdocs\TaxConsulting\index.php(13): CWebApplication->run()
REQUEST_URI=/TaxConsulting/manager/infodefault/appointmentCreate
in D:\xampp\htdocs\TaxConsulting\protected\modules\manager\modules\info\views\default\appointment_form.php (20)
in D:\xampp\htdocs\TaxConsulting\protected\modules\manager\modules\info\views\default\appointment_create.php (19)
in D:\xampp\htdocs\TaxConsulting\protected\modules\manager\modules\info\controllers\DefaultController.php (483)
2014/06/20 11:49:36 [error] [php] Object of class User could not be converted to string (D:\xampp\htdocs\yii\framework\web\helpers\CHtml.php:2019)
Stack trace:
#0 D:\xampp\htdocs\yii\framework\web\CBaseController.php(126): require()
#1 D:\xampp\htdocs\yii\framework\web\CBaseController.php(95): DefaultController->renderInternal()
#2 D:\xampp\htdocs\yii\framework\web\CController.php(869): DefaultController->renderFile()
#3 D:\xampp\htdocs\TaxConsulting\protected\modules\manager\modules\info\views\default\appointment_create.php(19): DefaultController->renderPartial()
#4 D:\xampp\htdocs\yii\framework\web\CBaseController.php(126): require()
#5 D:\xampp\htdocs\yii\framework\web\CBaseController.php(95): DefaultController->renderInternal()
#6 D:\xampp\htdocs\yii\framework\web\CController.php(869): DefaultController->renderFile()
#7 D:\xampp\htdocs\yii\framework\web\CController.php(782): DefaultController->renderPartial()
#8 D:\xampp\htdocs\TaxConsulting\protected\modules\manager\modules\info\controllers\DefaultController.php(483): DefaultController->render()
#9 D:\xampp\htdocs\yii\framework\web\actions\CInlineAction.php(49): DefaultController->actionAppointmentCreate()
#10 D:\xampp\htdocs\yii\framework\web\CController.php(308): CInlineAction->runWithParams()
#11 D:\xampp\htdocs\yii\framework\web\filters\CFilterChain.php(133): DefaultController->runAction()
#12 D:\xampp\htdocs\yii\framework\web\filters\CFilter.php(40): CFilterChain->run()
#13 D:\xampp\htdocs\yii\framework\web\CController.php(1145): CAccessControlFilter->filter()
#14 D:\xampp\htdocs\yii\framework\web\filters\CInlineFilter.php(58): DefaultController->filterAccessControl()
#15 D:\xampp\htdocs\yii\framework\web\filters\CFilterChain.php(130): CInlineFilter->filter()
#16 D:\xampp\htdocs\yii\framework\web\CController.php(291): CFilterChain->run()
#17 D:\xampp\htdocs\yii\framework\web\CController.php(265): DefaultController->runActionWithFilters()
#18 D:\xampp\htdocs\yii\framework\web\CWebApplication.php(282): DefaultController->run()
#19 D:\xampp\htdocs\yii\framework\web\CWebApplication.php(141): CWebApplication->runController()
#20 D:\xampp\htdocs\yii\framework\base\CApplication.php(180): CWebApplication->processRequest()
#21 D:\xampp\htdocs\TaxConsulting\index.php(13): CWebApplication->run()
REQUEST_URI=/TaxConsulting/manager/infodefault/appointmentCreate
in D:\xampp\htdocs\TaxConsulting\protected\modules\manager\modules\info\views\default\appointment_form.php (20)
in D:\xampp\htdocs\TaxConsulting\protected\modules\manager\modules\info\views\default\appointment_create.php (19)
in D:\xampp\htdocs\TaxConsulting\protected\modules\manager\modules\info\controllers\DefaultController.php (483)
2014/06/20 11:56:48 [error] [php] Object of class User could not be converted to string (D:\xampp\htdocs\yii\framework\web\helpers\CHtml.php:2019)
Stack trace:
#0 D:\xampp\htdocs\yii\framework\web\CBaseController.php(126): require()
#1 D:\xampp\htdocs\yii\framework\web\CBaseController.php(95): DefaultController->renderInternal()
#2 D:\xampp\htdocs\yii\framework\web\CController.php(869): DefaultController->renderFile()
#3 D:\xampp\htdocs\TaxConsulting\protected\modules\manager\modules\info\views\default\appointment_create.php(19): DefaultController->renderPartial()
#4 D:\xampp\htdocs\yii\framework\web\CBaseController.php(126): require()
#5 D:\xampp\htdocs\yii\framework\web\CBaseController.php(95): DefaultController->renderInternal()
#6 D:\xampp\htdocs\yii\framework\web\CController.php(869): DefaultController->renderFile()
#7 D:\xampp\htdocs\yii\framework\web\CController.php(782): DefaultController->renderPartial()
#8 D:\xampp\htdocs\TaxConsulting\protected\modules\manager\modules\info\controllers\DefaultController.php(483): DefaultController->render()
#9 D:\xampp\htdocs\yii\framework\web\actions\CInlineAction.php(49): DefaultController->actionAppointmentCreate()
#10 D:\xampp\htdocs\yii\framework\web\CController.php(308): CInlineAction->runWithParams()
#11 D:\xampp\htdocs\yii\framework\web\filters\CFilterChain.php(133): DefaultController->runAction()
#12 D:\xampp\htdocs\yii\framework\web\filters\CFilter.php(40): CFilterChain->run()
#13 D:\xampp\htdocs\yii\framework\web\CController.php(1145): CAccessControlFilter->filter()
#14 D:\xampp\htdocs\yii\framework\web\filters\CInlineFilter.php(58): DefaultController->filterAccessControl()
#15 D:\xampp\htdocs\yii\framework\web\filters\CFilterChain.php(130): CInlineFilter->filter()
#16 D:\xampp\htdocs\yii\framework\web\CController.php(291): CFilterChain->run()
#17 D:\xampp\htdocs\yii\framework\web\CController.php(265): DefaultController->runActionWithFilters()
#18 D:\xampp\htdocs\yii\framework\web\CWebApplication.php(282): DefaultController->run()
#19 D:\xampp\htdocs\yii\framework\web\CWebApplication.php(141): CWebApplication->runController()
#20 D:\xampp\htdocs\yii\framework\base\CApplication.php(180): CWebApplication->processRequest()
#21 D:\xampp\htdocs\TaxConsulting\index.php(13): CWebApplication->run()
REQUEST_URI=/TaxConsulting/manager/infodefault/appointmentcreate
in D:\xampp\htdocs\TaxConsulting\protected\modules\manager\modules\info\views\default\appointment_form.php (20)
in D:\xampp\htdocs\TaxConsulting\protected\modules\manager\modules\info\views\default\appointment_create.php (19)
in D:\xampp\htdocs\TaxConsulting\protected\modules\manager\modules\info\controllers\DefaultController.php (483)
2014/06/20 11:59:42 [error] [exception.CHttpException.404] exception 'CHttpException' with message 'Unable to resolve the request "manager/infodefault/addon.css".' in D:\xampp\htdocs\yii\framework\web\CWebApplication.php:286
Stack trace:
#0 D:\xampp\htdocs\yii\framework\web\CWebApplication.php(141): CWebApplication->runController('manager/infodef...')
#1 D:\xampp\htdocs\yii\framework\base\CApplication.php(180): CWebApplication->processRequest()
#2 D:\xampp\htdocs\TaxConsulting\index.php(13): CApplication->run()
#3 {main}
REQUEST_URI=/TaxConsulting/manager/infodefault/addon.css
HTTP_REFERER=http://localhost/TaxConsulting/manager/infodefault/appointmentcreate
---
2014/06/20 13:21:49 [error] [exception.CHttpException.404] exception 'CHttpException' with message 'Unable to resolve the request "assets/bb220d82/lang/ko.js".' in D:\xampp\htdocs\yii\framework\web\CWebApplication.php:286
Stack trace:
#0 D:\xampp\htdocs\yii\framework\web\CWebApplication.php(141): CWebApplication->runController('assets/bb220d82...')
#1 D:\xampp\htdocs\yii\framework\base\CApplication.php(180): CWebApplication->processRequest()
#2 D:\xampp\htdocs\TaxConsulting\index.php(13): CApplication->run()
#3 {main}
REQUEST_URI=/TaxConsulting/assets/bb220d82/lang/ko.js
HTTP_REFERER=http://localhost/TaxConsulting/manager/infodefault/noticeCreate
---
2014/06/20 13:21:50 [error] [exception.CHttpException.404] exception 'CHttpException' with message 'Unable to resolve the request "assets/bb220d82/lang/ko.js".' in D:\xampp\htdocs\yii\framework\web\CWebApplication.php:286
Stack trace:
#0 D:\xampp\htdocs\yii\framework\web\CWebApplication.php(141): CWebApplication->runController('assets/bb220d82...')
#1 D:\xampp\htdocs\yii\framework\base\CApplication.php(180): CWebApplication->processRequest()
#2 D:\xampp\htdocs\TaxConsulting\index.php(13): CApplication->run()
#3 {main}
REQUEST_URI=/TaxConsulting/assets/bb220d82/lang/ko.js?ver=4.1.2%20(2012-07-21)
HTTP_REFERER=http://localhost/TaxConsulting/manager/infodefault/noticeCreate
---
2014/06/20 13:22:08 [error] [exception.CHttpException.404] exception 'CHttpException' with message 'Unable to resolve the request "assets/bb220d82/lang/ko.js".' in D:\xampp\htdocs\yii\framework\web\CWebApplication.php:286
Stack trace:
#0 D:\xampp\htdocs\yii\framework\web\CWebApplication.php(141): CWebApplication->runController('assets/bb220d82...')
#1 D:\xampp\htdocs\yii\framework\base\CApplication.php(180): CWebApplication->processRequest()
#2 D:\xampp\htdocs\TaxConsulting\index.php(13): CApplication->run()
#3 {main}
REQUEST_URI=/TaxConsulting/assets/bb220d82/lang/ko.js
HTTP_REFERER=http://localhost/TaxConsulting/manager/infodefault/noticeCreate
---
2014/06/20 13:22:08 [error] [exception.CHttpException.404] exception 'CHttpException' with message 'Unable to resolve the request "assets/bb220d82/lang/ko.js".' in D:\xampp\htdocs\yii\framework\web\CWebApplication.php:286
Stack trace:
#0 D:\xampp\htdocs\yii\framework\web\CWebApplication.php(141): CWebApplication->runController('assets/bb220d82...')
#1 D:\xampp\htdocs\yii\framework\base\CApplication.php(180): CWebApplication->processRequest()
#2 D:\xampp\htdocs\TaxConsulting\index.php(13): CApplication->run()
#3 {main}
REQUEST_URI=/TaxConsulting/assets/bb220d82/lang/ko.js?ver=4.1.2%20(2012-07-21)
HTTP_REFERER=http://localhost/TaxConsulting/manager/infodefault/noticeCreate
---
